[I 2025-08-08 13:01:30,430] Trial 293 finished with value: 0.5092201289191943 and parameters: {'n_estimators': 400, 'learning_rate': 0.005370652101018946, 'max_depth': 5, 'subsample': 0.8786836713733415, 'colsample_bytree': 0.9294341368807889}. Best is trial 62 with value: 0.5104157586862527.
c:\Python311\Lib\site-packages\xgboost\training.py:183: UserWarning: [13:01:30] WARNING: C:\actions-runner\_work\xgboost\xgboost\src\learner.cc:738: 
Parameters: { "use_label_encoder" } are not used.

  bst.update(dtrain, iteration=i, fobj=obj)
c:\Python311\Lib\site-packages\xgboost\training.py:183: UserWarning: [13:01:30] WARNING: C:\actions-runner\_work\xgboost\xgboost\src\learner.cc:738: 
Parameters: { "use_label_encoder" } are not used.

  bst.update(dtrain, iteration=i, fobj=obj)
c:\Python311\Lib\site-packages\xgboost\training.py:183: UserWarning: [13:01:31] WARNING: C:\actions-runner\_work\xgboost\xgboost\src\learner.cc:738: 
Parameters: { "use_label_encoder" } are not used.

  bst.update(dtrain, iteration=i, fobj=obj)
c:\Python311\Lib\site-packages\xgboost\training.py:183: UserWarning: [13:01:31] WARNING: C:\actions-runner\_work\xgboost\xgboost\src\learner.cc:738: 
Parameters: { "use_label_encoder" } are not used.

  bst.update(dtrain, iteration=i, fobj=obj)
c:\Python311\Lib\site-packages\xgboost\training.py:183: UserWarning: [13:01:31] WARNING: C:\actions-runner\_work\xgboost\xgboost\src\learner.cc:738: 
Parameters: { "use_label_encoder" } are not used.

  bst.update(dtrain, iteration=i, fobj=obj)
[I 2025-08-08 13:01:31,966] Trial 294 finished with value: 0.48742209352788163 and parameters: {'n_estimators': 300, 'learning_rate': 0.007318283129680557, 'max_depth': 5, 'subsample': 0.7596755396546722, 'colsample_bytree': 0.8961180962131867}. Best is trial 62 with value: 0.5104157586862527.
c:\Python311\Lib\site-packages\xgboost\training.py:183: UserWarning: [13:01:32] WARNING: C:\actions-runner\_work\xgboost\xgboost\src\learner.cc:738: 
Parameters: { "use_label_encoder" } are not used.

  bst.update(dtrain, iteration=i, fobj=obj)
c:\Python311\Lib\site-packages\xgboost\training.py:183: UserWarning: [13:01:32] WARNING: C:\actions-runner\_work\xgboost\xgboost\src\learner.cc:738: 
Parameters: { "use_label_encoder" } are not used.

  bst.update(dtrain, iteration=i, fobj=obj)
c:\Python311\Lib\site-packages\xgboost\training.py:183: UserWarning: [13:01:32] WARNING: C:\actions-runner\_work\xgboost\xgboost\src\learner.cc:738: 
Parameters: { "use_label_encoder" } are not used.

  bst.update(dtrain, iteration=i, fobj=obj)
c:\Python311\Lib\site-packages\xgboost\training.py:183: UserWarning: [13:01:33] WARNING: C:\actions-runner\_work\xgboost\xgboost\src\learner.cc:738: 
Parameters: { "use_label_encoder" } are not used.

  bst.update(dtrain, iteration=i, fobj=obj)
c:\Python311\Lib\site-packages\xgboost\training.py:183: UserWarning: [13:01:33] WARNING: C:\actions-runner\_work\xgboost\xgboost\src\learner.cc:738: 
Parameters: { "use_label_encoder" } are not used.

  bst.update(dtrain, iteration=i, fobj=obj)
[I 2025-08-08 13:01:34,140] Trial 295 finished with value: 0.5085576941701236 and parameters: {'n_estimators': 400, 'learning_rate': 0.006001122111759948, 'max_depth': 5, 'subsample': 0.8494295889554416, 'colsample_bytree': 0.9676641517565131}. Best is trial 62 with value: 0.5104157586862527.
c:\Python311\Lib\site-packages\xgboost\training.py:183: UserWarning: [13:01:34] WARNING: C:\actions-runner\_work\xgboost\xgboost\src\learner.cc:738: 
Parameters: { "use_label_encoder" } are not used.

  bst.update(dtrain, iteration=i, fobj=obj)
c:\Python311\Lib\site-packages\xgboost\training.py:183: UserWarning: [13:01:34] WARNING: C:\actions-runner\_work\xgboost\xgboost\src\learner.cc:738: 
Parameters: { "use_label_encoder" } are not used.

  bst.update(dtrain, iteration=i, fobj=obj)
c:\Python311\Lib\site-packages\xgboost\training.py:183: UserWarning: [13:01:34] WARNING: C:\actions-runner\_work\xgboost\xgboost\src\learner.cc:738: 
Parameters: { "use_label_encoder" } are not used.

  bst.update(dtrain, iteration=i, fobj=obj)
c:\Python311\Lib\site-packages\xgboost\training.py:183: UserWarning: [13:01:35] WARNING: C:\actions-runner\_work\xgboost\xgboost\src\learner.cc:738: 
Parameters: { "use_label_encoder" } are not used.

  bst.update(dtrain, iteration=i, fobj=obj)
c:\Python311\Lib\site-packages\xgboost\training.py:183: UserWarning: [13:01:35] WARNING: C:\actions-runner\_work\xgboost\xgboost\src\learner.cc:738: 
Parameters: { "use_label_encoder" } are not used.

  bst.update(dtrain, iteration=i, fobj=obj)
[I 2025-08-08 13:01:36,199] Trial 296 finished with value: 0.5062140966723592 and parameters: {'n_estimators': 400, 'learning_rate': 0.005670452508552392, 'max_depth': 5, 'subsample': 0.7796219440255309, 'colsample_bytree': 0.9541055213251226}. Best is trial 62 with value: 0.5104157586862527.
c:\Python311\Lib\site-packages\xgboost\training.py:183: UserWarning: [13:01:36] WARNING: C:\actions-runner\_work\xgboost\xgboost\src\learner.cc:738: 
Parameters: { "use_label_encoder" } are not used.

  bst.update(dtrain, iteration=i, fobj=obj)
c:\Python311\Lib\site-packages\xgboost\training.py:183: UserWarning: [13:01:36] WARNING: C:\actions-runner\_work\xgboost\xgboost\src\learner.cc:738: 
Parameters: { "use_label_encoder" } are not used.

  bst.update(dtrain, iteration=i, fobj=obj)
c:\Python311\Lib\site-packages\xgboost\training.py:183: UserWarning: [13:01:37] WARNING: C:\actions-runner\_work\xgboost\xgboost\src\learner.cc:738: 
Parameters: { "use_label_encoder" } are not used.

  bst.update(dtrain, iteration=i, fobj=obj)
c:\Python311\Lib\site-packages\xgboost\training.py:183: UserWarning: [13:01:37] WARNING: C:\actions-runner\_work\xgboost\xgboost\src\learner.cc:738: 
Parameters: { "use_label_encoder" } are not used.

  bst.update(dtrain, iteration=i, fobj=obj)
c:\Python311\Lib\site-packages\xgboost\training.py:183: UserWarning: [13:01:38] WARNING: C:\actions-runner\_work\xgboost\xgboost\src\learner.cc:738: 
Parameters: { "use_label_encoder" } are not used.

  bst.update(dtrain, iteration=i, fobj=obj)
[I 2025-08-08 13:01:38,634] Trial 297 finished with value: 0.5023070366794216 and parameters: {'n_estimators': 400, 'learning_rate': 0.005280473811798303, 'max_depth': 6, 'subsample': 0.986324534160927, 'colsample_bytree': 0.9375481281097786}. Best is trial 62 with value: 0.5104157586862527.
c:\Python311\Lib\site-packages\xgboost\training.py:183: UserWarning: [13:01:38] WARNING: C:\actions-runner\_work\xgboost\xgboost\src\learner.cc:738: 
Parameters: { "use_label_encoder" } are not used.

  bst.update(dtrain, iteration=i, fobj=obj)
c:\Python311\Lib\site-packages\xgboost\training.py:183: UserWarning: [13:01:39] WARNING: C:\actions-runner\_work\xgboost\xgboost\src\learner.cc:738: 
Parameters: { "use_label_encoder" } are not used.

  bst.update(dtrain, iteration=i, fobj=obj)
c:\Python311\Lib\site-packages\xgboost\training.py:183: UserWarning: [13:01:39] WARNING: C:\actions-runner\_work\xgboost\xgboost\src\learner.cc:738: 
Parameters: { "use_label_encoder" } are not used.

  bst.update(dtrain, iteration=i, fobj=obj)
c:\Python311\Lib\site-packages\xgboost\training.py:183: UserWarning: [13:01:39] WARNING: C:\actions-runner\_work\xgboost\xgboost\src\learner.cc:738: 
Parameters: { "use_label_encoder" } are not used.

  bst.update(dtrain, iteration=i, fobj=obj)
c:\Python311\Lib\site-packages\xgboost\training.py:183: UserWarning: [13:01:40] WARNING: C:\actions-runner\_work\xgboost\xgboost\src\learner.cc:738: 
Parameters: { "use_label_encoder" } are not used.

  bst.update(dtrain, iteration=i, fobj=obj)
[I 2025-08-08 13:01:40,747] Trial 298 finished with value: 0.5104157586862527 and parameters: {'n_estimators': 400, 'learning_rate': 0.00660968181173419, 'max_depth': 5, 'subsample': 0.8656488877776296, 'colsample_bytree': 0.9098288831409475}. Best is trial 62 with value: 0.5104157586862527.
c:\Python311\Lib\site-packages\xgboost\training.py:183: UserWarning: [13:01:40] WARNING: C:\actions-runner\_work\xgboost\xgboost\src\learner.cc:738: 
Parameters: { "use_label_encoder" } are not used.

  bst.update(dtrain, iteration=i, fobj=obj)
c:\Python311\Lib\site-packages\xgboost\training.py:183: UserWarning: [13:01:41] WARNING: C:\actions-runner\_work\xgboost\xgboost\src\learner.cc:738: 
Parameters: { "use_label_encoder" } are not used.

  bst.update(dtrain, iteration=i, fobj=obj)
c:\Python311\Lib\site-packages\xgboost\training.py:183: UserWarning: [13:01:41] WARNING: C:\actions-runner\_work\xgboost\xgboost\src\learner.cc:738: 
Parameters: { "use_label_encoder" } are not used.

  bst.update(dtrain, iteration=i, fobj=obj)
c:\Python311\Lib\site-packages\xgboost\training.py:183: UserWarning: [13:01:42] WARNING: C:\actions-runner\_work\xgboost\xgboost\src\learner.cc:738: 
Parameters: { "use_label_encoder" } are not used.

  bst.update(dtrain, iteration=i, fobj=obj)
c:\Python311\Lib\site-packages\xgboost\training.py:183: UserWarning: [13:01:42] WARNING: C:\actions-runner\_work\xgboost\xgboost\src\learner.cc:738: 
Parameters: { "use_label_encoder" } are not used.

  bst.update(dtrain, iteration=i, fobj=obj)
[I 2025-08-08 13:01:43,260] Trial 299 finished with value: 0.5025496358749117 and parameters: {'n_estimators': 500, 'learning_rate': 0.006015707570269655, 'max_depth': 5, 'subsample': 0.856577416186712, 'colsample_bytree': 0.9608957954115245}. Best is trial 62 with value: 0.5104157586862527.
c:\Python311\Lib\site-packages\xgboost\training.py:183: UserWarning: [13:01:43] WARNING: C:\actions-runner\_work\xgboost\xgboost\src\learner.cc:738: 
Parameters: { "use_label_encoder" } are not used.

  bst.update(dtrain, iteration=i, fobj=obj)
c:\Python311\Lib\site-packages\xgboost\training.py:183: UserWarning: [13:01:43] WARNING: C:\actions-runner\_work\xgboost\xgboost\src\learner.cc:738: 
Parameters: { "use_label_encoder" } are not used.

  bst.update(dtrain, iteration=i, fobj=obj)
c:\Python311\Lib\site-packages\xgboost\training.py:183: UserWarning: [13:01:44] WARNING: C:\actions-runner\_work\xgboost\xgboost\src\learner.cc:738: 
Parameters: { "use_label_encoder" } are not used.

  bst.update(dtrain, iteration=i, fobj=obj)
c:\Python311\Lib\site-packages\xgboost\training.py:183: UserWarning: [13:01:44] WARNING: C:\actions-runner\_work\xgboost\xgboost\src\learner.cc:738: 
Parameters: { "use_label_encoder" } are not used.

  bst.update(dtrain, iteration=i, fobj=obj)
c:\Python311\Lib\site-packages\xgboost\training.py:183: UserWarning: [13:01:44] WARNING: C:\actions-runner\_work\xgboost\xgboost\src\learner.cc:738: 
Parameters: { "use_label_encoder" } are not used.

  bst.update(dtrain, iteration=i, fobj=obj)
[I 2025-08-08 13:01:45,345] Trial 300 finished with value: 0.5060108183919504 and parameters: {'n_estimators': 400, 'learning_rate': 0.005004625144090051, 'max_depth': 5, 'subsample': 0.8746158293320873, 'colsample_bytree': 0.9454650123941889}. Best is trial 62 with value: 0.5104157586862527.
c:\Python311\Lib\site-packages\xgboost\training.py:183: UserWarning: [13:01:45] WARNING: C:\actions-runner\_work\xgboost\xgboost\src\learner.cc:738: 
Parameters: { "use_label_encoder" } are not used.

  bst.update(dtrain, iteration=i, fobj=obj)
c:\Python311\Lib\site-packages\xgboost\training.py:183: UserWarning: [13:01:45] WARNING: C:\actions-runner\_work\xgboost\xgboost\src\learner.cc:738: 
Parameters: { "use_label_encoder" } are not used.

  bst.update(dtrain, iteration=i, fobj=obj)
c:\Python311\Lib\site-packages\xgboost\training.py:183: UserWarning: [13:01:46] WARNING: C:\actions-runner\_work\xgboost\xgboost\src\learner.cc:738: 
Parameters: { "use_label_encoder" } are not used.

  bst.update(dtrain, iteration=i, fobj=obj)
c:\Python311\Lib\site-packages\xgboost\training.py:183: UserWarning: [13:01:46] WARNING: C:\actions-runner\_work\xgboost\xgboost\src\learner.cc:738: 
Parameters: { "use_label_encoder" } are not used.

  bst.update(dtrain, iteration=i, fobj=obj)
c:\Python311\Lib\site-packages\xgboost\training.py:183: UserWarning: [13:01:46] WARNING: C:\actions-runner\_work\xgboost\xgboost\src\learner.cc:738: 
Parameters: { "use_label_encoder" } are not used.

  bst.update(dtrain, iteration=i, fobj=obj)
[I 2025-08-08 13:01:47,215] Trial 301 finished with value: 0.4784421053266237 and parameters: {'n_estimators': 400, 'learning_rate': 0.0342623660026634, 'max_depth': 5, 'subsample': 0.86450525518846, 'colsample_bytree': 0.9248851568945797}. Best is trial 62 with value: 0.5104157586862527.
c:\Python311\Lib\site-packages\xgboost\training.py:183: UserWarning: [13:01:47] WARNING: C:\actions-runner\_work\xgboost\xgboost\src\learner.cc:738: 
Parameters: { "use_label_encoder" } are not used.

  bst.update(dtrain, iteration=i, fobj=obj)
c:\Python311\Lib\site-packages\xgboost\training.py:183: UserWarning: [13:01:47] WARNING: C:\actions-runner\_work\xgboost\xgboost\src\learner.cc:738: 
Parameters: { "use_label_encoder" } are not used.

  bst.update(dtrain, iteration=i, fobj=obj)
c:\Python311\Lib\site-packages\xgboost\training.py:183: UserWarning: [13:01:47] WARNING: C:\actions-runner\_work\xgboost\xgboost\src\learner.cc:738: 
Parameters: { "use_label_encoder" } are not used.

  bst.update(dtrain, iteration=i, fobj=obj)
c:\Python311\Lib\site-packages\xgboost\training.py:183: UserWarning: [13:01:48] WARNING: C:\actions-runner\_work\xgboost\xgboost\src\learner.cc:738: 
Parameters: { "use_label_encoder" } are not used.

  bst.update(dtrain, iteration=i, fobj=obj)
c:\Python311\Lib\site-packages\xgboost\training.py:183: UserWarning: [13:01:48] WARNING: C:\actions-runner\_work\xgboost\xgboost\src\learner.cc:738: 
Parameters: { "use_label_encoder" } are not used.

  bst.update(dtrain, iteration=i, fobj=obj)
[I 2025-08-08 13:01:48,977] Trial 302 finished with value: 0.5092201289191943 and parameters: {'n_estimators': 400, 'learning_rate': 0.005626017294823137, 'max_depth': 4, 'subsample': 0.8863184564435094, 'colsample_bytree': 0.9506662864275794}. Best is trial 62 with value: 0.5104157586862527.
c:\Python311\Lib\site-packages\xgboost\training.py:183: UserWarning: [13:01:49] WARNING: C:\actions-runner\_work\xgboost\xgboost\src\learner.cc:738: 
Parameters: { "use_label_encoder" } are not used.

  bst.update(dtrain, iteration=i, fobj=obj)
c:\Python311\Lib\site-packages\xgboost\training.py:183: UserWarning: [13:01:49] WARNING: C:\actions-runner\_work\xgboost\xgboost\src\learner.cc:738: 
Parameters: { "use_label_encoder" } are not used.

  bst.update(dtrain, iteration=i, fobj=obj)
c:\Python311\Lib\site-packages\xgboost\training.py:183: UserWarning: [13:01:49] WARNING: C:\actions-runner\_work\xgboost\xgboost\src\learner.cc:738: 
Parameters: { "use_label_encoder" } are not used.

  bst.update(dtrain, iteration=i, fobj=obj)
c:\Python311\Lib\site-packages\xgboost\training.py:183: UserWarning: [13:01:49] WARNING: C:\actions-runner\_work\xgboost\xgboost\src\learner.cc:738: 
Parameters: { "use_label_encoder" } are not used.

  bst.update(dtrain, iteration=i, fobj=obj)
c:\Python311\Lib\site-packages\xgboost\training.py:183: UserWarning: [13:01:50] WARNING: C:\actions-runner\_work\xgboost\xgboost\src\learner.cc:738: 
Parameters: { "use_label_encoder" } are not used.

  bst.update(dtrain, iteration=i, fobj=obj)
[I 2025-08-08 13:01:50,593] Trial 303 finished with value: 0.5027403781403781 and parameters: {'n_estimators': 300, 'learning_rate': 0.0062929333603361105, 'max_depth': 5, 'subsample': 0.8523164355364282, 'colsample_bytree': 0.9359606650845806}. Best is trial 62 with value: 0.5104157586862527.
c:\Python311\Lib\site-packages\xgboost\training.py:183: UserWarning: [13:01:50] WARNING: C:\actions-runner\_work\xgboost\xgboost\src\learner.cc:738: 
Parameters: { "use_label_encoder" } are not used.

  bst.update(dtrain, iteration=i, fobj=obj)
c:\Python311\Lib\site-packages\xgboost\training.py:183: UserWarning: [13:01:50] WARNING: C:\actions-runner\_work\xgboost\xgboost\src\learner.cc:738: 
Parameters: { "use_label_encoder" } are not used.

  bst.update(dtrain, iteration=i, fobj=obj)
c:\Python311\Lib\site-packages\xgboost\training.py:183: UserWarning: [13:01:51] WARNING: C:\actions-runner\_work\xgboost\xgboost\src\learner.cc:738: 
Parameters: { "use_label_encoder" } are not used.

  bst.update(dtrain, iteration=i, fobj=obj)
c:\Python311\Lib\site-packages\xgboost\training.py:183: UserWarning: [13:01:51] WARNING: C:\actions-runner\_work\xgboost\xgboost\src\learner.cc:738: 
Parameters: { "use_label_encoder" } are not used.

  bst.update(dtrain, iteration=i, fobj=obj)
c:\Python311\Lib\site-packages\xgboost\training.py:183: UserWarning: [13:01:52] WARNING: C:\actions-runner\_work\xgboost\xgboost\src\learner.cc:738: 
Parameters: { "use_label_encoder" } are not used.

  bst.update(dtrain, iteration=i, fobj=obj)
[I 2025-08-08 13:01:52,673] Trial 304 finished with value: 0.5092201289191943 and parameters: {'n_estimators': 400, 'learning_rate': 0.0052449305448541966, 'max_depth': 5, 'subsample': 0.8315896974948055, 'colsample_bytree': 0.917547627585113}. Best is trial 62 with value: 0.5104157586862527.
c:\Python311\Lib\site-packages\xgboost\training.py:183: UserWarning: [13:01:52] WARNING: C:\actions-runner\_work\xgboost\xgboost\src\learner.cc:738: 
Parameters: { "use_label_encoder" } are not used.

  bst.update(dtrain, iteration=i, fobj=obj)
c:\Python311\Lib\site-packages\xgboost\training.py:183: UserWarning: [13:01:53] WARNING: C:\actions-runner\_work\xgboost\xgboost\src\learner.cc:738: 
Parameters: { "use_label_encoder" } are not used.

  bst.update(dtrain, iteration=i, fobj=obj)
c:\Python311\Lib\site-packages\xgboost\training.py:183: UserWarning: [13:01:53] WARNING: C:\actions-runner\_work\xgboost\xgboost\src\learner.cc:738: 
Parameters: { "use_label_encoder" } are not used.

  bst.update(dtrain, iteration=i, fobj=obj)
c:\Python311\Lib\site-packages\xgboost\training.py:183: UserWarning: [13:01:53] WARNING: C:\actions-runner\_work\xgboost\xgboost\src\learner.cc:738: 
Parameters: { "use_label_encoder" } are not used.

  bst.update(dtrain, iteration=i, fobj=obj)
c:\Python311\Lib\site-packages\xgboost\training.py:183: UserWarning: [13:01:54] WARNING: C:\actions-runner\_work\xgboost\xgboost\src\learner.cc:738: 
Parameters: { "use_label_encoder" } are not used.

  bst.update(dtrain, iteration=i, fobj=obj)
[I 2025-08-08 13:01:54,689] Trial 305 finished with value: 0.49764594668750134 and parameters: {'n_estimators': 400, 'learning_rate': 0.005765575043816656, 'max_depth': 5, 'subsample': 0.8620233155355276, 'colsample_bytree': 0.8282599343225453}. Best is trial 62 with value: 0.5104157586862527.
c:\Python311\Lib\site-packages\xgboost\training.py:183: UserWarning: [13:01:54] WARNING: C:\actions-runner\_work\xgboost\xgboost\src\learner.cc:738: 
Parameters: { "use_label_encoder" } are not used.

  bst.update(dtrain, iteration=i, fobj=obj)
c:\Python311\Lib\site-packages\xgboost\training.py:183: UserWarning: [13:01:55] WARNING: C:\actions-runner\_work\xgboost\xgboost\src\learner.cc:738: 
Parameters: { "use_label_encoder" } are not used.

  bst.update(dtrain, iteration=i, fobj=obj)
c:\Python311\Lib\site-packages\xgboost\training.py:183: UserWarning: [13:01:55] WARNING: C:\actions-runner\_work\xgboost\xgboost\src\learner.cc:738: 
Parameters: { "use_label_encoder" } are not used.

  bst.update(dtrain, iteration=i, fobj=obj)
c:\Python311\Lib\site-packages\xgboost\training.py:183: UserWarning: [13:01:55] WARNING: C:\actions-runner\_work\xgboost\xgboost\src\learner.cc:738: 
Parameters: { "use_label_encoder" } are not used.

  bst.update(dtrain, iteration=i, fobj=obj)
c:\Python311\Lib\site-packages\xgboost\training.py:183: UserWarning: [13:01:56] WARNING: C:\actions-runner\_work\xgboost\xgboost\src\learner.cc:738: 
Parameters: { "use_label_encoder" } are not used.

  bst.update(dtrain, iteration=i, fobj=obj)
[I 2025-08-08 13:01:56,755] Trial 306 finished with value: 0.5044379128221974 and parameters: {'n_estimators': 400, 'learning_rate': 0.00689455650357517, 'max_depth': 5, 'subsample': 0.8428281065919039, 'colsample_bytree': 0.9304131311421822}. Best is trial 62 with value: 0.5104157586862527.
c:\Python311\Lib\site-packages\xgboost\training.py:183: UserWarning: [13:01:56] WARNING: C:\actions-runner\_work\xgboost\xgboost\src\learner.cc:738: 
Parameters: { "use_label_encoder" } are not used.

  bst.update(dtrain, iteration=i, fobj=obj)
c:\Python311\Lib\site-packages\xgboost\training.py:183: UserWarning: [13:01:57] WARNING: C:\actions-runner\_work\xgboost\xgboost\src\learner.cc:738: 
Parameters: { "use_label_encoder" } are not used.

  bst.update(dtrain, iteration=i, fobj=obj)
c:\Python311\Lib\site-packages\xgboost\training.py:183: UserWarning: [13:01:57] WARNING: C:\actions-runner\_work\xgboost\xgboost\src\learner.cc:738: 
Parameters: { "use_label_encoder" } are not used.

  bst.update(dtrain, iteration=i, fobj=obj)
c:\Python311\Lib\site-packages\xgboost\training.py:183: UserWarning: [13:01:57] WARNING: C:\actions-runner\_work\xgboost\xgboost\src\learner.cc:738: 
Parameters: { "use_label_encoder" } are not used.

  bst.update(dtrain, iteration=i, fobj=obj)
c:\Python311\Lib\site-packages\xgboost\training.py:183: UserWarning: [13:01:58] WARNING: C:\actions-runner\_work\xgboost\xgboost\src\learner.cc:738: 
Parameters: { "use_label_encoder" } are not used.

  bst.update(dtrain, iteration=i, fobj=obj)
