[I 2025-08-08 13:07:36,601] Trial 461 finished with value: 0.5053706761335072 and parameters: {'n_estimators': 400, 'learning_rate': 0.005932880291911934, 'max_depth': 5, 'subsample': 0.7181252502005946, 'colsample_bytree': 0.9502296399778541}. Best is trial 62 with value: 0.5104157586862527.
c:\Python311\Lib\site-packages\xgboost\training.py:183: UserWarning: [13:07:36] WARNING: C:\actions-runner\_work\xgboost\xgboost\src\learner.cc:738: 
Parameters: { "use_label_encoder" } are not used.

  bst.update(dtrain, iteration=i, fobj=obj)
c:\Python311\Lib\site-packages\xgboost\training.py:183: UserWarning: [13:07:37] WARNING: C:\actions-runner\_work\xgboost\xgboost\src\learner.cc:738: 
Parameters: { "use_label_encoder" } are not used.

  bst.update(dtrain, iteration=i, fobj=obj)
c:\Python311\Lib\site-packages\xgboost\training.py:183: UserWarning: [13:07:37] WARNING: C:\actions-runner\_work\xgboost\xgboost\src\learner.cc:738: 
Parameters: { "use_label_encoder" } are not used.

  bst.update(dtrain, iteration=i, fobj=obj)
c:\Python311\Lib\site-packages\xgboost\training.py:183: UserWarning: [13:07:37] WARNING: C:\actions-runner\_work\xgboost\xgboost\src\learner.cc:738: 
Parameters: { "use_label_encoder" } are not used.

  bst.update(dtrain, iteration=i, fobj=obj)
c:\Python311\Lib\site-packages\xgboost\training.py:183: UserWarning: [13:07:38] WARNING: C:\actions-runner\_work\xgboost\xgboost\src\learner.cc:738: 
Parameters: { "use_label_encoder" } are not used.

  bst.update(dtrain, iteration=i, fobj=obj)
[I 2025-08-08 13:07:38,725] Trial 462 finished with value: 0.5092201289191943 and parameters: {'n_estimators': 400, 'learning_rate': 0.005311779640756103, 'max_depth': 5, 'subsample': 0.8755093527078295, 'colsample_bytree': 0.9255082305292357}. Best is trial 62 with value: 0.5104157586862527.
c:\Python311\Lib\site-packages\xgboost\training.py:183: UserWarning: [13:07:38] WARNING: C:\actions-runner\_work\xgboost\xgboost\src\learner.cc:738: 
Parameters: { "use_label_encoder" } are not used.

  bst.update(dtrain, iteration=i, fobj=obj)
c:\Python311\Lib\site-packages\xgboost\training.py:183: UserWarning: [13:07:39] WARNING: C:\actions-runner\_work\xgboost\xgboost\src\learner.cc:738: 
Parameters: { "use_label_encoder" } are not used.

  bst.update(dtrain, iteration=i, fobj=obj)
c:\Python311\Lib\site-packages\xgboost\training.py:183: UserWarning: [13:07:39] WARNING: C:\actions-runner\_work\xgboost\xgboost\src\learner.cc:738: 
Parameters: { "use_label_encoder" } are not used.

  bst.update(dtrain, iteration=i, fobj=obj)
c:\Python311\Lib\site-packages\xgboost\training.py:183: UserWarning: [13:07:39] WARNING: C:\actions-runner\_work\xgboost\xgboost\src\learner.cc:738: 
Parameters: { "use_label_encoder" } are not used.

  bst.update(dtrain, iteration=i, fobj=obj)
c:\Python311\Lib\site-packages\xgboost\training.py:183: UserWarning: [13:07:40] WARNING: C:\actions-runner\_work\xgboost\xgboost\src\learner.cc:738: 
Parameters: { "use_label_encoder" } are not used.

  bst.update(dtrain, iteration=i, fobj=obj)
[I 2025-08-08 13:07:40,862] Trial 463 finished with value: 0.5000018250972565 and parameters: {'n_estimators': 400, 'learning_rate': 0.005003354005129587, 'max_depth': 5, 'subsample': 0.9297269226603583, 'colsample_bytree': 0.963384262141458}. Best is trial 62 with value: 0.5104157586862527.
c:\Python311\Lib\site-packages\xgboost\training.py:183: UserWarning: [13:07:40] WARNING: C:\actions-runner\_work\xgboost\xgboost\src\learner.cc:738: 
Parameters: { "use_label_encoder" } are not used.

  bst.update(dtrain, iteration=i, fobj=obj)
c:\Python311\Lib\site-packages\xgboost\training.py:183: UserWarning: [13:07:41] WARNING: C:\actions-runner\_work\xgboost\xgboost\src\learner.cc:738: 
Parameters: { "use_label_encoder" } are not used.

  bst.update(dtrain, iteration=i, fobj=obj)
c:\Python311\Lib\site-packages\xgboost\training.py:183: UserWarning: [13:07:41] WARNING: C:\actions-runner\_work\xgboost\xgboost\src\learner.cc:738: 
Parameters: { "use_label_encoder" } are not used.

  bst.update(dtrain, iteration=i, fobj=obj)
c:\Python311\Lib\site-packages\xgboost\training.py:183: UserWarning: [13:07:42] WARNING: C:\actions-runner\_work\xgboost\xgboost\src\learner.cc:738: 
Parameters: { "use_label_encoder" } are not used.

  bst.update(dtrain, iteration=i, fobj=obj)
c:\Python311\Lib\site-packages\xgboost\training.py:183: UserWarning: [13:07:42] WARNING: C:\actions-runner\_work\xgboost\xgboost\src\learner.cc:738: 
Parameters: { "use_label_encoder" } are not used.

  bst.update(dtrain, iteration=i, fobj=obj)
[I 2025-08-08 13:07:42,963] Trial 464 finished with value: 0.5082948277143752 and parameters: {'n_estimators': 400, 'learning_rate': 0.005625778771253251, 'max_depth': 5, 'subsample': 0.8701384700792993, 'colsample_bytree': 0.9389171312338682}. Best is trial 62 with value: 0.5104157586862527.
c:\Python311\Lib\site-packages\xgboost\training.py:183: UserWarning: [13:07:43] WARNING: C:\actions-runner\_work\xgboost\xgboost\src\learner.cc:738: 
Parameters: { "use_label_encoder" } are not used.

  bst.update(dtrain, iteration=i, fobj=obj)
c:\Python311\Lib\site-packages\xgboost\training.py:183: UserWarning: [13:07:43] WARNING: C:\actions-runner\_work\xgboost\xgboost\src\learner.cc:738: 
Parameters: { "use_label_encoder" } are not used.

  bst.update(dtrain, iteration=i, fobj=obj)
c:\Python311\Lib\site-packages\xgboost\training.py:183: UserWarning: [13:07:43] WARNING: C:\actions-runner\_work\xgboost\xgboost\src\learner.cc:738: 
Parameters: { "use_label_encoder" } are not used.

  bst.update(dtrain, iteration=i, fobj=obj)
c:\Python311\Lib\site-packages\xgboost\training.py:183: UserWarning: [13:07:44] WARNING: C:\actions-runner\_work\xgboost\xgboost\src\learner.cc:738: 
Parameters: { "use_label_encoder" } are not used.

  bst.update(dtrain, iteration=i, fobj=obj)
c:\Python311\Lib\site-packages\xgboost\training.py:183: UserWarning: [13:07:44] WARNING: C:\actions-runner\_work\xgboost\xgboost\src\learner.cc:738: 
Parameters: { "use_label_encoder" } are not used.

  bst.update(dtrain, iteration=i, fobj=obj)
[I 2025-08-08 13:07:45,030] Trial 465 finished with value: 0.5068149461492057 and parameters: {'n_estimators': 400, 'learning_rate': 0.006587287084851604, 'max_depth': 5, 'subsample': 0.8327471406758631, 'colsample_bytree': 0.9322165279169518}. Best is trial 62 with value: 0.5104157586862527.
c:\Python311\Lib\site-packages\xgboost\training.py:183: UserWarning: [13:07:45] WARNING: C:\actions-runner\_work\xgboost\xgboost\src\learner.cc:738: 
Parameters: { "use_label_encoder" } are not used.

  bst.update(dtrain, iteration=i, fobj=obj)
c:\Python311\Lib\site-packages\xgboost\training.py:183: UserWarning: [13:07:45] WARNING: C:\actions-runner\_work\xgboost\xgboost\src\learner.cc:738: 
Parameters: { "use_label_encoder" } are not used.

  bst.update(dtrain, iteration=i, fobj=obj)
c:\Python311\Lib\site-packages\xgboost\training.py:183: UserWarning: [13:07:45] WARNING: C:\actions-runner\_work\xgboost\xgboost\src\learner.cc:738: 
Parameters: { "use_label_encoder" } are not used.

  bst.update(dtrain, iteration=i, fobj=obj)
c:\Python311\Lib\site-packages\xgboost\training.py:183: UserWarning: [13:07:46] WARNING: C:\actions-runner\_work\xgboost\xgboost\src\learner.cc:738: 
Parameters: { "use_label_encoder" } are not used.

  bst.update(dtrain, iteration=i, fobj=obj)
c:\Python311\Lib\site-packages\xgboost\training.py:183: UserWarning: [13:07:46] WARNING: C:\actions-runner\_work\xgboost\xgboost\src\learner.cc:738: 
Parameters: { "use_label_encoder" } are not used.

  bst.update(dtrain, iteration=i, fobj=obj)
[I 2025-08-08 13:07:47,118] Trial 466 finished with value: 0.5094904574814334 and parameters: {'n_estimators': 400, 'learning_rate': 0.005994681319109366, 'max_depth': 5, 'subsample': 0.842977934532391, 'colsample_bytree': 0.9739183440404038}. Best is trial 62 with value: 0.5104157586862527.
c:\Python311\Lib\site-packages\xgboost\training.py:183: UserWarning: [13:07:47] WARNING: C:\actions-runner\_work\xgboost\xgboost\src\learner.cc:738: 
Parameters: { "use_label_encoder" } are not used.

  bst.update(dtrain, iteration=i, fobj=obj)
c:\Python311\Lib\site-packages\xgboost\training.py:183: UserWarning: [13:07:47] WARNING: C:\actions-runner\_work\xgboost\xgboost\src\learner.cc:738: 
Parameters: { "use_label_encoder" } are not used.

  bst.update(dtrain, iteration=i, fobj=obj)
c:\Python311\Lib\site-packages\xgboost\training.py:183: UserWarning: [13:07:47] WARNING: C:\actions-runner\_work\xgboost\xgboost\src\learner.cc:738: 
Parameters: { "use_label_encoder" } are not used.

  bst.update(dtrain, iteration=i, fobj=obj)
c:\Python311\Lib\site-packages\xgboost\training.py:183: UserWarning: [13:07:48] WARNING: C:\actions-runner\_work\xgboost\xgboost\src\learner.cc:738: 
Parameters: { "use_label_encoder" } are not used.

  bst.update(dtrain, iteration=i, fobj=obj)
c:\Python311\Lib\site-packages\xgboost\training.py:183: UserWarning: [13:07:48] WARNING: C:\actions-runner\_work\xgboost\xgboost\src\learner.cc:738: 
Parameters: { "use_label_encoder" } are not used.

  bst.update(dtrain, iteration=i, fobj=obj)
[I 2025-08-08 13:07:49,221] Trial 467 finished with value: 0.5104157586862527 and parameters: {'n_estimators': 400, 'learning_rate': 0.005472094905819754, 'max_depth': 5, 'subsample': 0.8586684288859519, 'colsample_bytree': 0.9529032627777435}. Best is trial 62 with value: 0.5104157586862527.
c:\Python311\Lib\site-packages\xgboost\training.py:183: UserWarning: [13:07:49] WARNING: C:\actions-runner\_work\xgboost\xgboost\src\learner.cc:738: 
Parameters: { "use_label_encoder" } are not used.

  bst.update(dtrain, iteration=i, fobj=obj)
c:\Python311\Lib\site-packages\xgboost\training.py:183: UserWarning: [13:07:49] WARNING: C:\actions-runner\_work\xgboost\xgboost\src\learner.cc:738: 
Parameters: { "use_label_encoder" } are not used.

  bst.update(dtrain, iteration=i, fobj=obj)
c:\Python311\Lib\site-packages\xgboost\training.py:183: UserWarning: [13:07:50] WARNING: C:\actions-runner\_work\xgboost\xgboost\src\learner.cc:738: 
Parameters: { "use_label_encoder" } are not used.

  bst.update(dtrain, iteration=i, fobj=obj)
c:\Python311\Lib\site-packages\xgboost\training.py:183: UserWarning: [13:07:50] WARNING: C:\actions-runner\_work\xgboost\xgboost\src\learner.cc:738: 
Parameters: { "use_label_encoder" } are not used.

  bst.update(dtrain, iteration=i, fobj=obj)
c:\Python311\Lib\site-packages\xgboost\training.py:183: UserWarning: [13:07:51] WARNING: C:\actions-runner\_work\xgboost\xgboost\src\learner.cc:738: 
Parameters: { "use_label_encoder" } are not used.

  bst.update(dtrain, iteration=i, fobj=obj)
[I 2025-08-08 13:07:51,780] Trial 468 finished with value: 0.4986794484127065 and parameters: {'n_estimators': 500, 'learning_rate': 0.006112794927966946, 'max_depth': 5, 'subsample': 0.8653737054373531, 'colsample_bytree': 0.944783252994251}. Best is trial 62 with value: 0.5104157586862527.
c:\Python311\Lib\site-packages\xgboost\training.py:183: UserWarning: [13:07:51] WARNING: C:\actions-runner\_work\xgboost\xgboost\src\learner.cc:738: 
Parameters: { "use_label_encoder" } are not used.

  bst.update(dtrain, iteration=i, fobj=obj)
c:\Python311\Lib\site-packages\xgboost\training.py:183: UserWarning: [13:07:52] WARNING: C:\actions-runner\_work\xgboost\xgboost\src\learner.cc:738: 
Parameters: { "use_label_encoder" } are not used.

  bst.update(dtrain, iteration=i, fobj=obj)
c:\Python311\Lib\site-packages\xgboost\training.py:183: UserWarning: [13:07:52] WARNING: C:\actions-runner\_work\xgboost\xgboost\src\learner.cc:738: 
Parameters: { "use_label_encoder" } are not used.

  bst.update(dtrain, iteration=i, fobj=obj)
c:\Python311\Lib\site-packages\xgboost\training.py:183: UserWarning: [13:07:53] WARNING: C:\actions-runner\_work\xgboost\xgboost\src\learner.cc:738: 
Parameters: { "use_label_encoder" } are not used.

  bst.update(dtrain, iteration=i, fobj=obj)
c:\Python311\Lib\site-packages\xgboost\training.py:183: UserWarning: [13:07:53] WARNING: C:\actions-runner\_work\xgboost\xgboost\src\learner.cc:738: 
Parameters: { "use_label_encoder" } are not used.

  bst.update(dtrain, iteration=i, fobj=obj)
[I 2025-08-08 13:07:53,891] Trial 469 finished with value: 0.5092201289191943 and parameters: {'n_estimators': 400, 'learning_rate': 0.005296039975586149, 'max_depth': 5, 'subsample': 0.8506543153042695, 'colsample_bytree': 0.9853418716564778}. Best is trial 62 with value: 0.5104157586862527.
c:\Python311\Lib\site-packages\xgboost\training.py:183: UserWarning: [13:07:54] WARNING: C:\actions-runner\_work\xgboost\xgboost\src\learner.cc:738: 
Parameters: { "use_label_encoder" } are not used.

  bst.update(dtrain, iteration=i, fobj=obj)
c:\Python311\Lib\site-packages\xgboost\training.py:183: UserWarning: [13:07:54] WARNING: C:\actions-runner\_work\xgboost\xgboost\src\learner.cc:738: 
Parameters: { "use_label_encoder" } are not used.

  bst.update(dtrain, iteration=i, fobj=obj)
c:\Python311\Lib\site-packages\xgboost\training.py:183: UserWarning: [13:07:54] WARNING: C:\actions-runner\_work\xgboost\xgboost\src\learner.cc:738: 
Parameters: { "use_label_encoder" } are not used.

  bst.update(dtrain, iteration=i, fobj=obj)
c:\Python311\Lib\site-packages\xgboost\training.py:183: UserWarning: [13:07:55] WARNING: C:\actions-runner\_work\xgboost\xgboost\src\learner.cc:738: 
Parameters: { "use_label_encoder" } are not used.

  bst.update(dtrain, iteration=i, fobj=obj)
c:\Python311\Lib\site-packages\xgboost\training.py:183: UserWarning: [13:07:55] WARNING: C:\actions-runner\_work\xgboost\xgboost\src\learner.cc:738: 
Parameters: { "use_label_encoder" } are not used.

  bst.update(dtrain, iteration=i, fobj=obj)
[I 2025-08-08 13:07:55,920] Trial 470 finished with value: 0.4949283127988068 and parameters: {'n_estimators': 400, 'learning_rate': 0.005686020807678656, 'max_depth': 5, 'subsample': 0.8839264219958655, 'colsample_bytree': 0.8877999043260603}. Best is trial 62 with value: 0.5104157586862527.
c:\Python311\Lib\site-packages\xgboost\training.py:183: UserWarning: [13:07:56] WARNING: C:\actions-runner\_work\xgboost\xgboost\src\learner.cc:738: 
Parameters: { "use_label_encoder" } are not used.

  bst.update(dtrain, iteration=i, fobj=obj)
c:\Python311\Lib\site-packages\xgboost\training.py:183: UserWarning: [13:07:56] WARNING: C:\actions-runner\_work\xgboost\xgboost\src\learner.cc:738: 
Parameters: { "use_label_encoder" } are not used.

  bst.update(dtrain, iteration=i, fobj=obj)
c:\Python311\Lib\site-packages\xgboost\training.py:183: UserWarning: [13:07:56] WARNING: C:\actions-runner\_work\xgboost\xgboost\src\learner.cc:738: 
Parameters: { "use_label_encoder" } are not used.

  bst.update(dtrain, iteration=i, fobj=obj)
c:\Python311\Lib\site-packages\xgboost\training.py:183: UserWarning: [13:07:57] WARNING: C:\actions-runner\_work\xgboost\xgboost\src\learner.cc:738: 
Parameters: { "use_label_encoder" } are not used.

  bst.update(dtrain, iteration=i, fobj=obj)
c:\Python311\Lib\site-packages\xgboost\training.py:183: UserWarning: [13:07:57] WARNING: C:\actions-runner\_work\xgboost\xgboost\src\learner.cc:738: 
Parameters: { "use_label_encoder" } are not used.

  bst.update(dtrain, iteration=i, fobj=obj)
[I 2025-08-08 13:07:58,019] Trial 471 finished with value: 0.5094904574814334 and parameters: {'n_estimators': 400, 'learning_rate': 0.006519257889785238, 'max_depth': 5, 'subsample': 0.8598626955188066, 'colsample_bytree': 0.917930488428314}. Best is trial 62 with value: 0.5104157586862527.
c:\Python311\Lib\site-packages\xgboost\training.py:183: UserWarning: [13:07:58] WARNING: C:\actions-runner\_work\xgboost\xgboost\src\learner.cc:738: 
Parameters: { "use_label_encoder" } are not used.

  bst.update(dtrain, iteration=i, fobj=obj)
c:\Python311\Lib\site-packages\xgboost\training.py:183: UserWarning: [13:07:58] WARNING: C:\actions-runner\_work\xgboost\xgboost\src\learner.cc:738: 
Parameters: { "use_label_encoder" } are not used.

  bst.update(dtrain, iteration=i, fobj=obj)
c:\Python311\Lib\site-packages\xgboost\training.py:183: UserWarning: [13:07:58] WARNING: C:\actions-runner\_work\xgboost\xgboost\src\learner.cc:738: 
Parameters: { "use_label_encoder" } are not used.

  bst.update(dtrain, iteration=i, fobj=obj)
c:\Python311\Lib\site-packages\xgboost\training.py:183: UserWarning: [13:07:58] WARNING: C:\actions-runner\_work\xgboost\xgboost\src\learner.cc:738: 
Parameters: { "use_label_encoder" } are not used.

  bst.update(dtrain, iteration=i, fobj=obj)
c:\Python311\Lib\site-packages\xgboost\training.py:183: UserWarning: [13:07:59] WARNING: C:\actions-runner\_work\xgboost\xgboost\src\learner.cc:738: 
Parameters: { "use_label_encoder" } are not used.

  bst.update(dtrain, iteration=i, fobj=obj)
[I 2025-08-08 13:07:59,681] Trial 472 finished with value: 0.4994070448070448 and parameters: {'n_estimators': 300, 'learning_rate': 0.005399363603666719, 'max_depth': 5, 'subsample': 0.8688433257618894, 'colsample_bytree': 0.9588382164499362}. Best is trial 62 with value: 0.5104157586862527.
c:\Python311\Lib\site-packages\xgboost\training.py:183: UserWarning: [13:07:59] WARNING: C:\actions-runner\_work\xgboost\xgboost\src\learner.cc:738: 
Parameters: { "use_label_encoder" } are not used.

  bst.update(dtrain, iteration=i, fobj=obj)
c:\Python311\Lib\site-packages\xgboost\training.py:183: UserWarning: [13:08:00] WARNING: C:\actions-runner\_work\xgboost\xgboost\src\learner.cc:738: 
Parameters: { "use_label_encoder" } are not used.

  bst.update(dtrain, iteration=i, fobj=obj)
c:\Python311\Lib\site-packages\xgboost\training.py:183: UserWarning: [13:08:00] WARNING: C:\actions-runner\_work\xgboost\xgboost\src\learner.cc:738: 
Parameters: { "use_label_encoder" } are not used.

  bst.update(dtrain, iteration=i, fobj=obj)
c:\Python311\Lib\site-packages\xgboost\training.py:183: UserWarning: [13:08:00] WARNING: C:\actions-runner\_work\xgboost\xgboost\src\learner.cc:738: 
Parameters: { "use_label_encoder" } are not used.

  bst.update(dtrain, iteration=i, fobj=obj)
c:\Python311\Lib\site-packages\xgboost\training.py:183: UserWarning: [13:08:00] WARNING: C:\actions-runner\_work\xgboost\xgboost\src\learner.cc:738: 
Parameters: { "use_label_encoder" } are not used.

  bst.update(dtrain, iteration=i, fobj=obj)
[I 2025-08-08 13:08:01,178] Trial 473 finished with value: 0.49204822671588266 and parameters: {'n_estimators': 400, 'learning_rate': 0.005909854678847938, 'max_depth': 3, 'subsample': 0.8744716731528306, 'colsample_bytree': 0.9395619338842314}. Best is trial 62 with value: 0.5104157586862527.
c:\Python311\Lib\site-packages\xgboost\training.py:183: UserWarning: [13:08:01] WARNING: C:\actions-runner\_work\xgboost\xgboost\src\learner.cc:738: 
Parameters: { "use_label_encoder" } are not used.

  bst.update(dtrain, iteration=i, fobj=obj)
c:\Python311\Lib\site-packages\xgboost\training.py:183: UserWarning: [13:08:01] WARNING: C:\actions-runner\_work\xgboost\xgboost\src\learner.cc:738: 
Parameters: { "use_label_encoder" } are not used.

  bst.update(dtrain, iteration=i, fobj=obj)
c:\Python311\Lib\site-packages\xgboost\training.py:183: UserWarning: [13:08:01] WARNING: C:\actions-runner\_work\xgboost\xgboost\src\learner.cc:738: 
Parameters: { "use_label_encoder" } are not used.

  bst.update(dtrain, iteration=i, fobj=obj)
c:\Python311\Lib\site-packages\xgboost\training.py:183: UserWarning: [13:08:02] WARNING: C:\actions-runner\_work\xgboost\xgboost\src\learner.cc:738: 
Parameters: { "use_label_encoder" } are not used.

  bst.update(dtrain, iteration=i, fobj=obj)
c:\Python311\Lib\site-packages\xgboost\training.py:183: UserWarning: [13:08:02] WARNING: C:\actions-runner\_work\xgboost\xgboost\src\learner.cc:738: 
Parameters: { "use_label_encoder" } are not used.

  bst.update(dtrain, iteration=i, fobj=obj)
[I 2025-08-08 13:08:03,446] Trial 474 finished with value: 0.5092201289191943 and parameters: {'n_estimators': 400, 'learning_rate': 0.005257049044974253, 'max_depth': 5, 'subsample': 0.8499711201708547, 'colsample_bytree': 0.9681076819718649}. Best is trial 62 with value: 0.5104157586862527.
c:\Python311\Lib\site-packages\xgboost\training.py:183: UserWarning: [13:08:03] WARNING: C:\actions-runner\_work\xgboost\xgboost\src\learner.cc:738: 
Parameters: { "use_label_encoder" } are not used.

  bst.update(dtrain, iteration=i, fobj=obj)
c:\Python311\Lib\site-packages\xgboost\training.py:183: UserWarning: [13:08:03] WARNING: C:\actions-runner\_work\xgboost\xgboost\src\learner.cc:738: 
Parameters: { "use_label_encoder" } are not used.

  bst.update(dtrain, iteration=i, fobj=obj)
c:\Python311\Lib\site-packages\xgboost\training.py:183: UserWarning: [13:08:04] WARNING: C:\actions-runner\_work\xgboost\xgboost\src\learner.cc:738: 
Parameters: { "use_label_encoder" } are not used.

  bst.update(dtrain, iteration=i, fobj=obj)
c:\Python311\Lib\site-packages\xgboost\training.py:183: UserWarning: [13:08:04] WARNING: C:\actions-runner\_work\xgboost\xgboost\src\learner.cc:738: 
Parameters: { "use_label_encoder" } are not used.

  bst.update(dtrain, iteration=i, fobj=obj)
c:\Python311\Lib\site-packages\xgboost\training.py:183: UserWarning: [13:08:05] WARNING: C:\actions-runner\_work\xgboost\xgboost\src\learner.cc:738: 
Parameters: { "use_label_encoder" } are not used.

  bst.update(dtrain, iteration=i, fobj=obj)
