[I 2025-08-08 12:54:08,128] Trial 83 finished with value: 0.5082948277143752 and parameters: {'n_estimators': 400, 'learning_rate': 0.0057264186140435856, 'max_depth': 5, 'subsample': 0.8837984519471661, 'colsample_bytree': 0.9272390096570802}. Best is trial 62 with value: 0.5104157586862527.
c:\Python311\Lib\site-packages\xgboost\training.py:183: UserWarning: [12:54:08] WARNING: C:\actions-runner\_work\xgboost\xgboost\src\learner.cc:738: 
Parameters: { "use_label_encoder" } are not used.

  bst.update(dtrain, iteration=i, fobj=obj)
c:\Python311\Lib\site-packages\xgboost\training.py:183: UserWarning: [12:54:08] WARNING: C:\actions-runner\_work\xgboost\xgboost\src\learner.cc:738: 
Parameters: { "use_label_encoder" } are not used.

  bst.update(dtrain, iteration=i, fobj=obj)
c:\Python311\Lib\site-packages\xgboost\training.py:183: UserWarning: [12:54:09] WARNING: C:\actions-runner\_work\xgboost\xgboost\src\learner.cc:738: 
Parameters: { "use_label_encoder" } are not used.

  bst.update(dtrain, iteration=i, fobj=obj)
c:\Python311\Lib\site-packages\xgboost\training.py:183: UserWarning: [12:54:09] WARNING: C:\actions-runner\_work\xgboost\xgboost\src\learner.cc:738: 
Parameters: { "use_label_encoder" } are not used.

  bst.update(dtrain, iteration=i, fobj=obj)
c:\Python311\Lib\site-packages\xgboost\training.py:183: UserWarning: [12:54:10] WARNING: C:\actions-runner\_work\xgboost\xgboost\src\learner.cc:738: 
Parameters: { "use_label_encoder" } are not used.

  bst.update(dtrain, iteration=i, fobj=obj)
[I 2025-08-08 12:54:10,585] Trial 84 finished with value: 0.4891623450513308 and parameters: {'n_estimators': 500, 'learning_rate': 0.005517192442021833, 'max_depth': 5, 'subsample': 0.8663702466612314, 'colsample_bytree': 0.890546920117287}. Best is trial 62 with value: 0.5104157586862527.
c:\Python311\Lib\site-packages\xgboost\training.py:183: UserWarning: [12:54:10] WARNING: C:\actions-runner\_work\xgboost\xgboost\src\learner.cc:738: 
Parameters: { "use_label_encoder" } are not used.

  bst.update(dtrain, iteration=i, fobj=obj)
c:\Python311\Lib\site-packages\xgboost\training.py:183: UserWarning: [12:54:10] WARNING: C:\actions-runner\_work\xgboost\xgboost\src\learner.cc:738: 
Parameters: { "use_label_encoder" } are not used.

  bst.update(dtrain, iteration=i, fobj=obj)
c:\Python311\Lib\site-packages\xgboost\training.py:183: UserWarning: [12:54:11] WARNING: C:\actions-runner\_work\xgboost\xgboost\src\learner.cc:738: 
Parameters: { "use_label_encoder" } are not used.

  bst.update(dtrain, iteration=i, fobj=obj)
c:\Python311\Lib\site-packages\xgboost\training.py:183: UserWarning: [12:54:11] WARNING: C:\actions-runner\_work\xgboost\xgboost\src\learner.cc:738: 
Parameters: { "use_label_encoder" } are not used.

  bst.update(dtrain, iteration=i, fobj=obj)
c:\Python311\Lib\site-packages\xgboost\training.py:183: UserWarning: [12:54:11] WARNING: C:\actions-runner\_work\xgboost\xgboost\src\learner.cc:738: 
Parameters: { "use_label_encoder" } are not used.

  bst.update(dtrain, iteration=i, fobj=obj)
[I 2025-08-08 12:54:12,160] Trial 85 finished with value: 0.5082948277143752 and parameters: {'n_estimators': 300, 'learning_rate': 0.007670980551271236, 'max_depth': 5, 'subsample': 0.827748996072834, 'colsample_bytree': 0.9403506497586543}. Best is trial 62 with value: 0.5104157586862527.
c:\Python311\Lib\site-packages\xgboost\training.py:183: UserWarning: [12:54:12] WARNING: C:\actions-runner\_work\xgboost\xgboost\src\learner.cc:738: 
Parameters: { "use_label_encoder" } are not used.

  bst.update(dtrain, iteration=i, fobj=obj)
c:\Python311\Lib\site-packages\xgboost\training.py:183: UserWarning: [12:54:12] WARNING: C:\actions-runner\_work\xgboost\xgboost\src\learner.cc:738: 
Parameters: { "use_label_encoder" } are not used.

  bst.update(dtrain, iteration=i, fobj=obj)
c:\Python311\Lib\site-packages\xgboost\training.py:183: UserWarning: [12:54:12] WARNING: C:\actions-runner\_work\xgboost\xgboost\src\learner.cc:738: 
Parameters: { "use_label_encoder" } are not used.

  bst.update(dtrain, iteration=i, fobj=obj)
c:\Python311\Lib\site-packages\xgboost\training.py:183: UserWarning: [12:54:13] WARNING: C:\actions-runner\_work\xgboost\xgboost\src\learner.cc:738: 
Parameters: { "use_label_encoder" } are not used.

  bst.update(dtrain, iteration=i, fobj=obj)
c:\Python311\Lib\site-packages\xgboost\training.py:183: UserWarning: [12:54:13] WARNING: C:\actions-runner\_work\xgboost\xgboost\src\learner.cc:738: 
Parameters: { "use_label_encoder" } are not used.

  bst.update(dtrain, iteration=i, fobj=obj)
[I 2025-08-08 12:54:14,177] Trial 86 finished with value: 0.5092201289191943 and parameters: {'n_estimators': 400, 'learning_rate': 0.005465258610615736, 'max_depth': 5, 'subsample': 0.8542520970413936, 'colsample_bytree': 0.974499124827777}. Best is trial 62 with value: 0.5104157586862527.
c:\Python311\Lib\site-packages\xgboost\training.py:183: UserWarning: [12:54:14] WARNING: C:\actions-runner\_work\xgboost\xgboost\src\learner.cc:738: 
Parameters: { "use_label_encoder" } are not used.

  bst.update(dtrain, iteration=i, fobj=obj)
c:\Python311\Lib\site-packages\xgboost\training.py:183: UserWarning: [12:54:14] WARNING: C:\actions-runner\_work\xgboost\xgboost\src\learner.cc:738: 
Parameters: { "use_label_encoder" } are not used.

  bst.update(dtrain, iteration=i, fobj=obj)
c:\Python311\Lib\site-packages\xgboost\training.py:183: UserWarning: [12:54:15] WARNING: C:\actions-runner\_work\xgboost\xgboost\src\learner.cc:738: 
Parameters: { "use_label_encoder" } are not used.

  bst.update(dtrain, iteration=i, fobj=obj)
c:\Python311\Lib\site-packages\xgboost\training.py:183: UserWarning: [12:54:16] WARNING: C:\actions-runner\_work\xgboost\xgboost\src\learner.cc:738: 
Parameters: { "use_label_encoder" } are not used.

  bst.update(dtrain, iteration=i, fobj=obj)
c:\Python311\Lib\site-packages\xgboost\training.py:183: UserWarning: [12:54:17] WARNING: C:\actions-runner\_work\xgboost\xgboost\src\learner.cc:738: 
Parameters: { "use_label_encoder" } are not used.

  bst.update(dtrain, iteration=i, fobj=obj)
[I 2025-08-08 12:54:18,378] Trial 87 finished with value: 0.48992877492877496 and parameters: {'n_estimators': 900, 'learning_rate': 0.005460049964871441, 'max_depth': 5, 'subsample': 0.8357628295121873, 'colsample_bytree': 0.9818003978812841}. Best is trial 62 with value: 0.5104157586862527.
c:\Python311\Lib\site-packages\xgboost\training.py:183: UserWarning: [12:54:18] WARNING: C:\actions-runner\_work\xgboost\xgboost\src\learner.cc:738: 
Parameters: { "use_label_encoder" } are not used.

  bst.update(dtrain, iteration=i, fobj=obj)
c:\Python311\Lib\site-packages\xgboost\training.py:183: UserWarning: [12:54:18] WARNING: C:\actions-runner\_work\xgboost\xgboost\src\learner.cc:738: 
Parameters: { "use_label_encoder" } are not used.

  bst.update(dtrain, iteration=i, fobj=obj)
c:\Python311\Lib\site-packages\xgboost\training.py:183: UserWarning: [12:54:19] WARNING: C:\actions-runner\_work\xgboost\xgboost\src\learner.cc:738: 
Parameters: { "use_label_encoder" } are not used.

  bst.update(dtrain, iteration=i, fobj=obj)
c:\Python311\Lib\site-packages\xgboost\training.py:183: UserWarning: [12:54:19] WARNING: C:\actions-runner\_work\xgboost\xgboost\src\learner.cc:738: 
Parameters: { "use_label_encoder" } are not used.

  bst.update(dtrain, iteration=i, fobj=obj)
c:\Python311\Lib\site-packages\xgboost\training.py:183: UserWarning: [12:54:20] WARNING: C:\actions-runner\_work\xgboost\xgboost\src\learner.cc:738: 
Parameters: { "use_label_encoder" } are not used.

  bst.update(dtrain, iteration=i, fobj=obj)
[I 2025-08-08 12:54:21,143] Trial 88 finished with value: 0.49771292649086873 and parameters: {'n_estimators': 500, 'learning_rate': 0.006467365583093645, 'max_depth': 6, 'subsample': 0.8186861059293086, 'colsample_bytree': 0.9588528270044038}. Best is trial 62 with value: 0.5104157586862527.
c:\Python311\Lib\site-packages\xgboost\training.py:183: UserWarning: [12:54:21] WARNING: C:\actions-runner\_work\xgboost\xgboost\src\learner.cc:738: 
Parameters: { "use_label_encoder" } are not used.

  bst.update(dtrain, iteration=i, fobj=obj)
c:\Python311\Lib\site-packages\xgboost\training.py:183: UserWarning: [12:54:21] WARNING: C:\actions-runner\_work\xgboost\xgboost\src\learner.cc:738: 
Parameters: { "use_label_encoder" } are not used.

  bst.update(dtrain, iteration=i, fobj=obj)
c:\Python311\Lib\site-packages\xgboost\training.py:183: UserWarning: [12:54:21] WARNING: C:\actions-runner\_work\xgboost\xgboost\src\learner.cc:738: 
Parameters: { "use_label_encoder" } are not used.

  bst.update(dtrain, iteration=i, fobj=obj)
c:\Python311\Lib\site-packages\xgboost\training.py:183: UserWarning: [12:54:22] WARNING: C:\actions-runner\_work\xgboost\xgboost\src\learner.cc:738: 
Parameters: { "use_label_encoder" } are not used.

  bst.update(dtrain, iteration=i, fobj=obj)
c:\Python311\Lib\site-packages\xgboost\training.py:183: UserWarning: [12:54:22] WARNING: C:\actions-runner\_work\xgboost\xgboost\src\learner.cc:738: 
Parameters: { "use_label_encoder" } are not used.

  bst.update(dtrain, iteration=i, fobj=obj)
[I 2025-08-08 12:54:23,121] Trial 89 finished with value: 0.49915321549649916 and parameters: {'n_estimators': 400, 'learning_rate': 0.00840619930690106, 'max_depth': 5, 'subsample': 0.8530170883260914, 'colsample_bytree': 0.9706009977969604}. Best is trial 62 with value: 0.5104157586862527.
c:\Python311\Lib\site-packages\xgboost\training.py:183: UserWarning: [12:54:23] WARNING: C:\actions-runner\_work\xgboost\xgboost\src\learner.cc:738: 
Parameters: { "use_label_encoder" } are not used.

  bst.update(dtrain, iteration=i, fobj=obj)
c:\Python311\Lib\site-packages\xgboost\training.py:183: UserWarning: [12:54:23] WARNING: C:\actions-runner\_work\xgboost\xgboost\src\learner.cc:738: 
Parameters: { "use_label_encoder" } are not used.

  bst.update(dtrain, iteration=i, fobj=obj)
c:\Python311\Lib\site-packages\xgboost\training.py:183: UserWarning: [12:54:23] WARNING: C:\actions-runner\_work\xgboost\xgboost\src\learner.cc:738: 
Parameters: { "use_label_encoder" } are not used.

  bst.update(dtrain, iteration=i, fobj=obj)
c:\Python311\Lib\site-packages\xgboost\training.py:183: UserWarning: [12:54:24] WARNING: C:\actions-runner\_work\xgboost\xgboost\src\learner.cc:738: 
Parameters: { "use_label_encoder" } are not used.

  bst.update(dtrain, iteration=i, fobj=obj)
c:\Python311\Lib\site-packages\xgboost\training.py:183: UserWarning: [12:54:24] WARNING: C:\actions-runner\_work\xgboost\xgboost\src\learner.cc:738: 
Parameters: { "use_label_encoder" } are not used.

  bst.update(dtrain, iteration=i, fobj=obj)
[I 2025-08-08 12:54:25,378] Trial 90 finished with value: 0.4774505652985196 and parameters: {'n_estimators': 500, 'learning_rate': 0.007637289930795128, 'max_depth': 5, 'subsample': 0.8867230078501518, 'colsample_bytree': 0.8805481674179139}. Best is trial 62 with value: 0.5104157586862527.
c:\Python311\Lib\site-packages\xgboost\training.py:183: UserWarning: [12:54:25] WARNING: C:\actions-runner\_work\xgboost\xgboost\src\learner.cc:738: 
Parameters: { "use_label_encoder" } are not used.

  bst.update(dtrain, iteration=i, fobj=obj)
c:\Python311\Lib\site-packages\xgboost\training.py:183: UserWarning: [12:54:25] WARNING: C:\actions-runner\_work\xgboost\xgboost\src\learner.cc:738: 
Parameters: { "use_label_encoder" } are not used.

  bst.update(dtrain, iteration=i, fobj=obj)
c:\Python311\Lib\site-packages\xgboost\training.py:183: UserWarning: [12:54:26] WARNING: C:\actions-runner\_work\xgboost\xgboost\src\learner.cc:738: 
Parameters: { "use_label_encoder" } are not used.

  bst.update(dtrain, iteration=i, fobj=obj)
c:\Python311\Lib\site-packages\xgboost\training.py:183: UserWarning: [12:54:26] WARNING: C:\actions-runner\_work\xgboost\xgboost\src\learner.cc:738: 
Parameters: { "use_label_encoder" } are not used.

  bst.update(dtrain, iteration=i, fobj=obj)
c:\Python311\Lib\site-packages\xgboost\training.py:183: UserWarning: [12:54:26] WARNING: C:\actions-runner\_work\xgboost\xgboost\src\learner.cc:738: 
Parameters: { "use_label_encoder" } are not used.

  bst.update(dtrain, iteration=i, fobj=obj)
[I 2025-08-08 12:54:27,348] Trial 91 finished with value: 0.5104157586862527 and parameters: {'n_estimators': 400, 'learning_rate': 0.005438287481651796, 'max_depth': 5, 'subsample': 0.864174239007617, 'colsample_bytree': 0.9315893180886146}. Best is trial 62 with value: 0.5104157586862527.
c:\Python311\Lib\site-packages\xgboost\training.py:183: UserWarning: [12:54:27] WARNING: C:\actions-runner\_work\xgboost\xgboost\src\learner.cc:738: 
Parameters: { "use_label_encoder" } are not used.

  bst.update(dtrain, iteration=i, fobj=obj)
c:\Python311\Lib\site-packages\xgboost\training.py:183: UserWarning: [12:54:27] WARNING: C:\actions-runner\_work\xgboost\xgboost\src\learner.cc:738: 
Parameters: { "use_label_encoder" } are not used.

  bst.update(dtrain, iteration=i, fobj=obj)
c:\Python311\Lib\site-packages\xgboost\training.py:183: UserWarning: [12:54:28] WARNING: C:\actions-runner\_work\xgboost\xgboost\src\learner.cc:738: 
Parameters: { "use_label_encoder" } are not used.

  bst.update(dtrain, iteration=i, fobj=obj)
c:\Python311\Lib\site-packages\xgboost\training.py:183: UserWarning: [12:54:28] WARNING: C:\actions-runner\_work\xgboost\xgboost\src\learner.cc:738: 
Parameters: { "use_label_encoder" } are not used.

  bst.update(dtrain, iteration=i, fobj=obj)
c:\Python311\Lib\site-packages\xgboost\training.py:183: UserWarning: [12:54:28] WARNING: C:\actions-runner\_work\xgboost\xgboost\src\learner.cc:738: 
Parameters: { "use_label_encoder" } are not used.

  bst.update(dtrain, iteration=i, fobj=obj)
[I 2025-08-08 12:54:29,328] Trial 92 finished with value: 0.5104157586862527 and parameters: {'n_estimators': 400, 'learning_rate': 0.0053306098144281335, 'max_depth': 5, 'subsample': 0.8634022698483407, 'colsample_bytree': 0.9327858225792512}. Best is trial 62 with value: 0.5104157586862527.
c:\Python311\Lib\site-packages\xgboost\training.py:183: UserWarning: [12:54:29] WARNING: C:\actions-runner\_work\xgboost\xgboost\src\learner.cc:738: 
Parameters: { "use_label_encoder" } are not used.

  bst.update(dtrain, iteration=i, fobj=obj)
c:\Python311\Lib\site-packages\xgboost\training.py:183: UserWarning: [12:54:29] WARNING: C:\actions-runner\_work\xgboost\xgboost\src\learner.cc:738: 
Parameters: { "use_label_encoder" } are not used.

  bst.update(dtrain, iteration=i, fobj=obj)
c:\Python311\Lib\site-packages\xgboost\training.py:183: UserWarning: [12:54:29] WARNING: C:\actions-runner\_work\xgboost\xgboost\src\learner.cc:738: 
Parameters: { "use_label_encoder" } are not used.

  bst.update(dtrain, iteration=i, fobj=obj)
c:\Python311\Lib\site-packages\xgboost\training.py:183: UserWarning: [12:54:30] WARNING: C:\actions-runner\_work\xgboost\xgboost\src\learner.cc:738: 
Parameters: { "use_label_encoder" } are not used.

  bst.update(dtrain, iteration=i, fobj=obj)
c:\Python311\Lib\site-packages\xgboost\training.py:183: UserWarning: [12:54:30] WARNING: C:\actions-runner\_work\xgboost\xgboost\src\learner.cc:738: 
Parameters: { "use_label_encoder" } are not used.

  bst.update(dtrain, iteration=i, fobj=obj)
[I 2025-08-08 12:54:30,857] Trial 93 finished with value: 0.4994070448070448 and parameters: {'n_estimators': 300, 'learning_rate': 0.005367297083167643, 'max_depth': 5, 'subsample': 0.9048188411012826, 'colsample_bytree': 0.9369129517515157}. Best is trial 62 with value: 0.5104157586862527.
c:\Python311\Lib\site-packages\xgboost\training.py:183: UserWarning: [12:54:30] WARNING: C:\actions-runner\_work\xgboost\xgboost\src\learner.cc:738: 
Parameters: { "use_label_encoder" } are not used.

  bst.update(dtrain, iteration=i, fobj=obj)
c:\Python311\Lib\site-packages\xgboost\training.py:183: UserWarning: [12:54:31] WARNING: C:\actions-runner\_work\xgboost\xgboost\src\learner.cc:738: 
Parameters: { "use_label_encoder" } are not used.

  bst.update(dtrain, iteration=i, fobj=obj)
c:\Python311\Lib\site-packages\xgboost\training.py:183: UserWarning: [12:54:31] WARNING: C:\actions-runner\_work\xgboost\xgboost\src\learner.cc:738: 
Parameters: { "use_label_encoder" } are not used.

  bst.update(dtrain, iteration=i, fobj=obj)
c:\Python311\Lib\site-packages\xgboost\training.py:183: UserWarning: [12:54:32] WARNING: C:\actions-runner\_work\xgboost\xgboost\src\learner.cc:738: 
Parameters: { "use_label_encoder" } are not used.

  bst.update(dtrain, iteration=i, fobj=obj)
c:\Python311\Lib\site-packages\xgboost\training.py:183: UserWarning: [12:54:32] WARNING: C:\actions-runner\_work\xgboost\xgboost\src\learner.cc:738: 
Parameters: { "use_label_encoder" } are not used.

  bst.update(dtrain, iteration=i, fobj=obj)
[I 2025-08-08 12:54:32,847] Trial 94 finished with value: 0.4974115033671037 and parameters: {'n_estimators': 400, 'learning_rate': 0.005427333356325154, 'max_depth': 5, 'subsample': 0.8461066432468698, 'colsample_bytree': 0.8956923881957768}. Best is trial 62 with value: 0.5104157586862527.
c:\Python311\Lib\site-packages\xgboost\training.py:183: UserWarning: [12:54:32] WARNING: C:\actions-runner\_work\xgboost\xgboost\src\learner.cc:738: 
Parameters: { "use_label_encoder" } are not used.

  bst.update(dtrain, iteration=i, fobj=obj)
c:\Python311\Lib\site-packages\xgboost\training.py:183: UserWarning: [12:54:33] WARNING: C:\actions-runner\_work\xgboost\xgboost\src\learner.cc:738: 
Parameters: { "use_label_encoder" } are not used.

  bst.update(dtrain, iteration=i, fobj=obj)
c:\Python311\Lib\site-packages\xgboost\training.py:183: UserWarning: [12:54:33] WARNING: C:\actions-runner\_work\xgboost\xgboost\src\learner.cc:738: 
Parameters: { "use_label_encoder" } are not used.

  bst.update(dtrain, iteration=i, fobj=obj)
c:\Python311\Lib\site-packages\xgboost\training.py:183: UserWarning: [12:54:33] WARNING: C:\actions-runner\_work\xgboost\xgboost\src\learner.cc:738: 
Parameters: { "use_label_encoder" } are not used.

  bst.update(dtrain, iteration=i, fobj=obj)
c:\Python311\Lib\site-packages\xgboost\training.py:183: UserWarning: [12:54:34] WARNING: C:\actions-runner\_work\xgboost\xgboost\src\learner.cc:738: 
Parameters: { "use_label_encoder" } are not used.

  bst.update(dtrain, iteration=i, fobj=obj)
[I 2025-08-08 12:54:34,482] Trial 95 finished with value: 0.5074824253529193 and parameters: {'n_estimators': 400, 'learning_rate': 0.006779023293080238, 'max_depth': 4, 'subsample': 0.8567497682534752, 'colsample_bytree': 0.9438357825964792}. Best is trial 62 with value: 0.5104157586862527.
c:\Python311\Lib\site-packages\xgboost\training.py:183: UserWarning: [12:54:34] WARNING: C:\actions-runner\_work\xgboost\xgboost\src\learner.cc:738: 
Parameters: { "use_label_encoder" } are not used.

  bst.update(dtrain, iteration=i, fobj=obj)
c:\Python311\Lib\site-packages\xgboost\training.py:183: UserWarning: [12:54:34] WARNING: C:\actions-runner\_work\xgboost\xgboost\src\learner.cc:738: 
Parameters: { "use_label_encoder" } are not used.

  bst.update(dtrain, iteration=i, fobj=obj)
c:\Python311\Lib\site-packages\xgboost\training.py:183: UserWarning: [12:54:35] WARNING: C:\actions-runner\_work\xgboost\xgboost\src\learner.cc:738: 
Parameters: { "use_label_encoder" } are not used.

  bst.update(dtrain, iteration=i, fobj=obj)
c:\Python311\Lib\site-packages\xgboost\training.py:183: UserWarning: [12:54:35] WARNING: C:\actions-runner\_work\xgboost\xgboost\src\learner.cc:738: 
Parameters: { "use_label_encoder" } are not used.

  bst.update(dtrain, iteration=i, fobj=obj)
c:\Python311\Lib\site-packages\xgboost\training.py:183: UserWarning: [12:54:35] WARNING: C:\actions-runner\_work\xgboost\xgboost\src\learner.cc:738: 
Parameters: { "use_label_encoder" } are not used.

  bst.update(dtrain, iteration=i, fobj=obj)
[I 2025-08-08 12:54:36,005] Trial 96 finished with value: 0.49137258253728844 and parameters: {'n_estimators': 300, 'learning_rate': 0.005010747675644392, 'max_depth': 5, 'subsample': 0.9220163685293123, 'colsample_bytree': 0.9539980601792168}. Best is trial 62 with value: 0.5104157586862527.
c:\Python311\Lib\site-packages\xgboost\training.py:183: UserWarning: [12:54:36] WARNING: C:\actions-runner\_work\xgboost\xgboost\src\learner.cc:738: 
Parameters: { "use_label_encoder" } are not used.

  bst.update(dtrain, iteration=i, fobj=obj)
c:\Python311\Lib\site-packages\xgboost\training.py:183: UserWarning: [12:54:36] WARNING: C:\actions-runner\_work\xgboost\xgboost\src\learner.cc:738: 
Parameters: { "use_label_encoder" } are not used.

  bst.update(dtrain, iteration=i, fobj=obj)
c:\Python311\Lib\site-packages\xgboost\training.py:183: UserWarning: [12:54:36] WARNING: C:\actions-runner\_work\xgboost\xgboost\src\learner.cc:738: 
Parameters: { "use_label_encoder" } are not used.

  bst.update(dtrain, iteration=i, fobj=obj)
c:\Python311\Lib\site-packages\xgboost\training.py:183: UserWarning: [12:54:36] WARNING: C:\actions-runner\_work\xgboost\xgboost\src\learner.cc:738: 
Parameters: { "use_label_encoder" } are not used.

  bst.update(dtrain, iteration=i, fobj=obj)
c:\Python311\Lib\site-packages\xgboost\training.py:183: UserWarning: [12:54:37] WARNING: C:\actions-runner\_work\xgboost\xgboost\src\learner.cc:738: 
Parameters: { "use_label_encoder" } are not used.

  bst.update(dtrain, iteration=i, fobj=obj)
