[I 2025-08-08 13:02:29,901] Trial 321 finished with value: 0.5085576941701236 and parameters: {'n_estimators': 400, 'learning_rate': 0.006769381172558286, 'max_depth': 5, 'subsample': 0.8663961969122669, 'colsample_bytree': 0.9410372439542514}. Best is trial 62 with value: 0.5104157586862527.
c:\Python311\Lib\site-packages\xgboost\training.py:183: UserWarning: [13:02:29] WARNING: C:\actions-runner\_work\xgboost\xgboost\src\learner.cc:738: 
Parameters: { "use_label_encoder" } are not used.

  bst.update(dtrain, iteration=i, fobj=obj)
c:\Python311\Lib\site-packages\xgboost\training.py:183: UserWarning: [13:02:30] WARNING: C:\actions-runner\_work\xgboost\xgboost\src\learner.cc:738: 
Parameters: { "use_label_encoder" } are not used.

  bst.update(dtrain, iteration=i, fobj=obj)
c:\Python311\Lib\site-packages\xgboost\training.py:183: UserWarning: [13:02:30] WARNING: C:\actions-runner\_work\xgboost\xgboost\src\learner.cc:738: 
Parameters: { "use_label_encoder" } are not used.

  bst.update(dtrain, iteration=i, fobj=obj)
c:\Python311\Lib\site-packages\xgboost\training.py:183: UserWarning: [13:02:31] WARNING: C:\actions-runner\_work\xgboost\xgboost\src\learner.cc:738: 
Parameters: { "use_label_encoder" } are not used.

  bst.update(dtrain, iteration=i, fobj=obj)
c:\Python311\Lib\site-packages\xgboost\training.py:183: UserWarning: [13:02:31] WARNING: C:\actions-runner\_work\xgboost\xgboost\src\learner.cc:738: 
Parameters: { "use_label_encoder" } are not used.

  bst.update(dtrain, iteration=i, fobj=obj)
[I 2025-08-08 13:02:32,005] Trial 322 finished with value: 0.5068149461492057 and parameters: {'n_estimators': 400, 'learning_rate': 0.006194722813832048, 'max_depth': 5, 'subsample': 0.8410475476196387, 'colsample_bytree': 0.9294216748089877}. Best is trial 62 with value: 0.5104157586862527.
c:\Python311\Lib\site-packages\xgboost\training.py:183: UserWarning: [13:02:32] WARNING: C:\actions-runner\_work\xgboost\xgboost\src\learner.cc:738: 
Parameters: { "use_label_encoder" } are not used.

  bst.update(dtrain, iteration=i, fobj=obj)
c:\Python311\Lib\site-packages\xgboost\training.py:183: UserWarning: [13:02:32] WARNING: C:\actions-runner\_work\xgboost\xgboost\src\learner.cc:738: 
Parameters: { "use_label_encoder" } are not used.

  bst.update(dtrain, iteration=i, fobj=obj)
c:\Python311\Lib\site-packages\xgboost\training.py:183: UserWarning: [13:02:33] WARNING: C:\actions-runner\_work\xgboost\xgboost\src\learner.cc:738: 
Parameters: { "use_label_encoder" } are not used.

  bst.update(dtrain, iteration=i, fobj=obj)
c:\Python311\Lib\site-packages\xgboost\training.py:183: UserWarning: [13:02:33] WARNING: C:\actions-runner\_work\xgboost\xgboost\src\learner.cc:738: 
Parameters: { "use_label_encoder" } are not used.

  bst.update(dtrain, iteration=i, fobj=obj)
c:\Python311\Lib\site-packages\xgboost\training.py:183: UserWarning: [13:02:34] WARNING: C:\actions-runner\_work\xgboost\xgboost\src\learner.cc:738: 
Parameters: { "use_label_encoder" } are not used.

  bst.update(dtrain, iteration=i, fobj=obj)
[I 2025-08-08 13:02:34,640] Trial 323 finished with value: 0.5085576941701236 and parameters: {'n_estimators': 500, 'learning_rate': 0.00538750794483292, 'max_depth': 5, 'subsample': 0.8601468335454373, 'colsample_bytree': 0.9593400860790544}. Best is trial 62 with value: 0.5104157586862527.
c:\Python311\Lib\site-packages\xgboost\training.py:183: UserWarning: [13:02:34] WARNING: C:\actions-runner\_work\xgboost\xgboost\src\learner.cc:738: 
Parameters: { "use_label_encoder" } are not used.

  bst.update(dtrain, iteration=i, fobj=obj)
c:\Python311\Lib\site-packages\xgboost\training.py:183: UserWarning: [13:02:34] WARNING: C:\actions-runner\_work\xgboost\xgboost\src\learner.cc:738: 
Parameters: { "use_label_encoder" } are not used.

  bst.update(dtrain, iteration=i, fobj=obj)
c:\Python311\Lib\site-packages\xgboost\training.py:183: UserWarning: [13:02:35] WARNING: C:\actions-runner\_work\xgboost\xgboost\src\learner.cc:738: 
Parameters: { "use_label_encoder" } are not used.

  bst.update(dtrain, iteration=i, fobj=obj)
c:\Python311\Lib\site-packages\xgboost\training.py:183: UserWarning: [13:02:35] WARNING: C:\actions-runner\_work\xgboost\xgboost\src\learner.cc:738: 
Parameters: { "use_label_encoder" } are not used.

  bst.update(dtrain, iteration=i, fobj=obj)
c:\Python311\Lib\site-packages\xgboost\training.py:183: UserWarning: [13:02:35] WARNING: C:\actions-runner\_work\xgboost\xgboost\src\learner.cc:738: 
Parameters: { "use_label_encoder" } are not used.

  bst.update(dtrain, iteration=i, fobj=obj)
[I 2025-08-08 13:02:36,225] Trial 324 finished with value: 0.4994070448070448 and parameters: {'n_estimators': 300, 'learning_rate': 0.00576119608846806, 'max_depth': 5, 'subsample': 0.7411771326309559, 'colsample_bytree': 0.923226165338411}. Best is trial 62 with value: 0.5104157586862527.
c:\Python311\Lib\site-packages\xgboost\training.py:183: UserWarning: [13:02:36] WARNING: C:\actions-runner\_work\xgboost\xgboost\src\learner.cc:738: 
Parameters: { "use_label_encoder" } are not used.

  bst.update(dtrain, iteration=i, fobj=obj)
c:\Python311\Lib\site-packages\xgboost\training.py:183: UserWarning: [13:02:36] WARNING: C:\actions-runner\_work\xgboost\xgboost\src\learner.cc:738: 
Parameters: { "use_label_encoder" } are not used.

  bst.update(dtrain, iteration=i, fobj=obj)
c:\Python311\Lib\site-packages\xgboost\training.py:183: UserWarning: [13:02:37] WARNING: C:\actions-runner\_work\xgboost\xgboost\src\learner.cc:738: 
Parameters: { "use_label_encoder" } are not used.

  bst.update(dtrain, iteration=i, fobj=obj)
c:\Python311\Lib\site-packages\xgboost\training.py:183: UserWarning: [13:02:37] WARNING: C:\actions-runner\_work\xgboost\xgboost\src\learner.cc:738: 
Parameters: { "use_label_encoder" } are not used.

  bst.update(dtrain, iteration=i, fobj=obj)
c:\Python311\Lib\site-packages\xgboost\training.py:183: UserWarning: [13:02:37] WARNING: C:\actions-runner\_work\xgboost\xgboost\src\learner.cc:738: 
Parameters: { "use_label_encoder" } are not used.

  bst.update(dtrain, iteration=i, fobj=obj)
[I 2025-08-08 13:02:38,298] Trial 325 finished with value: 0.5085576941701236 and parameters: {'n_estimators': 400, 'learning_rate': 0.006395800820780557, 'max_depth': 5, 'subsample': 0.874246180927147, 'colsample_bytree': 0.9517103447848914}. Best is trial 62 with value: 0.5104157586862527.
c:\Python311\Lib\site-packages\xgboost\training.py:183: UserWarning: [13:02:38] WARNING: C:\actions-runner\_work\xgboost\xgboost\src\learner.cc:738: 
Parameters: { "use_label_encoder" } are not used.

  bst.update(dtrain, iteration=i, fobj=obj)
c:\Python311\Lib\site-packages\xgboost\training.py:183: UserWarning: [13:02:38] WARNING: C:\actions-runner\_work\xgboost\xgboost\src\learner.cc:738: 
Parameters: { "use_label_encoder" } are not used.

  bst.update(dtrain, iteration=i, fobj=obj)
c:\Python311\Lib\site-packages\xgboost\training.py:183: UserWarning: [13:02:39] WARNING: C:\actions-runner\_work\xgboost\xgboost\src\learner.cc:738: 
Parameters: { "use_label_encoder" } are not used.

  bst.update(dtrain, iteration=i, fobj=obj)
c:\Python311\Lib\site-packages\xgboost\training.py:183: UserWarning: [13:02:39] WARNING: C:\actions-runner\_work\xgboost\xgboost\src\learner.cc:738: 
Parameters: { "use_label_encoder" } are not used.

  bst.update(dtrain, iteration=i, fobj=obj)
c:\Python311\Lib\site-packages\xgboost\training.py:183: UserWarning: [13:02:39] WARNING: C:\actions-runner\_work\xgboost\xgboost\src\learner.cc:738: 
Parameters: { "use_label_encoder" } are not used.

  bst.update(dtrain, iteration=i, fobj=obj)
[I 2025-08-08 13:02:40,364] Trial 326 finished with value: 0.49973434589354293 and parameters: {'n_estimators': 400, 'learning_rate': 0.005354699498876433, 'max_depth': 5, 'subsample': 0.6339361518439018, 'colsample_bytree': 0.9361590950732941}. Best is trial 62 with value: 0.5104157586862527.
c:\Python311\Lib\site-packages\xgboost\training.py:183: UserWarning: [13:02:40] WARNING: C:\actions-runner\_work\xgboost\xgboost\src\learner.cc:738: 
Parameters: { "use_label_encoder" } are not used.

  bst.update(dtrain, iteration=i, fobj=obj)
c:\Python311\Lib\site-packages\xgboost\training.py:183: UserWarning: [13:02:40] WARNING: C:\actions-runner\_work\xgboost\xgboost\src\learner.cc:738: 
Parameters: { "use_label_encoder" } are not used.

  bst.update(dtrain, iteration=i, fobj=obj)
c:\Python311\Lib\site-packages\xgboost\training.py:183: UserWarning: [13:02:41] WARNING: C:\actions-runner\_work\xgboost\xgboost\src\learner.cc:738: 
Parameters: { "use_label_encoder" } are not used.

  bst.update(dtrain, iteration=i, fobj=obj)
c:\Python311\Lib\site-packages\xgboost\training.py:183: UserWarning: [13:02:41] WARNING: C:\actions-runner\_work\xgboost\xgboost\src\learner.cc:738: 
Parameters: { "use_label_encoder" } are not used.

  bst.update(dtrain, iteration=i, fobj=obj)
c:\Python311\Lib\site-packages\xgboost\training.py:183: UserWarning: [13:02:41] WARNING: C:\actions-runner\_work\xgboost\xgboost\src\learner.cc:738: 
Parameters: { "use_label_encoder" } are not used.

  bst.update(dtrain, iteration=i, fobj=obj)
[I 2025-08-08 13:02:42,320] Trial 327 finished with value: 0.4735087687331312 and parameters: {'n_estimators': 400, 'learning_rate': 0.020409672674368034, 'max_depth': 5, 'subsample': 0.88131561213168, 'colsample_bytree': 0.9865866952486083}. Best is trial 62 with value: 0.5104157586862527.
c:\Python311\Lib\site-packages\xgboost\training.py:183: UserWarning: [13:02:42] WARNING: C:\actions-runner\_work\xgboost\xgboost\src\learner.cc:738: 
Parameters: { "use_label_encoder" } are not used.

  bst.update(dtrain, iteration=i, fobj=obj)
c:\Python311\Lib\site-packages\xgboost\training.py:183: UserWarning: [13:02:42] WARNING: C:\actions-runner\_work\xgboost\xgboost\src\learner.cc:738: 
Parameters: { "use_label_encoder" } are not used.

  bst.update(dtrain, iteration=i, fobj=obj)
c:\Python311\Lib\site-packages\xgboost\training.py:183: UserWarning: [13:02:43] WARNING: C:\actions-runner\_work\xgboost\xgboost\src\learner.cc:738: 
Parameters: { "use_label_encoder" } are not used.

  bst.update(dtrain, iteration=i, fobj=obj)
c:\Python311\Lib\site-packages\xgboost\training.py:183: UserWarning: [13:02:43] WARNING: C:\actions-runner\_work\xgboost\xgboost\src\learner.cc:738: 
Parameters: { "use_label_encoder" } are not used.

  bst.update(dtrain, iteration=i, fobj=obj)
c:\Python311\Lib\site-packages\xgboost\training.py:183: UserWarning: [13:02:43] WARNING: C:\actions-runner\_work\xgboost\xgboost\src\learner.cc:738: 
Parameters: { "use_label_encoder" } are not used.

  bst.update(dtrain, iteration=i, fobj=obj)
[I 2025-08-08 13:02:44,386] Trial 328 finished with value: 0.5017724694736421 and parameters: {'n_estimators': 400, 'learning_rate': 0.0075035721476733935, 'max_depth': 5, 'subsample': 0.9503573876671976, 'colsample_bytree': 0.9665451457153953}. Best is trial 62 with value: 0.5104157586862527.
c:\Python311\Lib\site-packages\xgboost\training.py:183: UserWarning: [13:02:44] WARNING: C:\actions-runner\_work\xgboost\xgboost\src\learner.cc:738: 
Parameters: { "use_label_encoder" } are not used.

  bst.update(dtrain, iteration=i, fobj=obj)
c:\Python311\Lib\site-packages\xgboost\training.py:183: UserWarning: [13:02:44] WARNING: C:\actions-runner\_work\xgboost\xgboost\src\learner.cc:738: 
Parameters: { "use_label_encoder" } are not used.

  bst.update(dtrain, iteration=i, fobj=obj)
c:\Python311\Lib\site-packages\xgboost\training.py:183: UserWarning: [13:02:45] WARNING: C:\actions-runner\_work\xgboost\xgboost\src\learner.cc:738: 
Parameters: { "use_label_encoder" } are not used.

  bst.update(dtrain, iteration=i, fobj=obj)
c:\Python311\Lib\site-packages\xgboost\training.py:183: UserWarning: [13:02:46] WARNING: C:\actions-runner\_work\xgboost\xgboost\src\learner.cc:738: 
Parameters: { "use_label_encoder" } are not used.

  bst.update(dtrain, iteration=i, fobj=obj)
c:\Python311\Lib\site-packages\xgboost\training.py:183: UserWarning: [13:02:47] WARNING: C:\actions-runner\_work\xgboost\xgboost\src\learner.cc:738: 
Parameters: { "use_label_encoder" } are not used.

  bst.update(dtrain, iteration=i, fobj=obj)
[I 2025-08-08 13:02:47,783] Trial 329 finished with value: 0.48973036223036226 and parameters: {'n_estimators': 700, 'learning_rate': 0.005874695768613069, 'max_depth': 5, 'subsample': 0.8522029611648133, 'colsample_bytree': 0.9425150830151292}. Best is trial 62 with value: 0.5104157586862527.
c:\Python311\Lib\site-packages\xgboost\training.py:183: UserWarning: [13:02:47] WARNING: C:\actions-runner\_work\xgboost\xgboost\src\learner.cc:738: 
Parameters: { "use_label_encoder" } are not used.

  bst.update(dtrain, iteration=i, fobj=obj)
c:\Python311\Lib\site-packages\xgboost\training.py:183: UserWarning: [13:02:48] WARNING: C:\actions-runner\_work\xgboost\xgboost\src\learner.cc:738: 
Parameters: { "use_label_encoder" } are not used.

  bst.update(dtrain, iteration=i, fobj=obj)
c:\Python311\Lib\site-packages\xgboost\training.py:183: UserWarning: [13:02:48] WARNING: C:\actions-runner\_work\xgboost\xgboost\src\learner.cc:738: 
Parameters: { "use_label_encoder" } are not used.

  bst.update(dtrain, iteration=i, fobj=obj)
c:\Python311\Lib\site-packages\xgboost\training.py:183: UserWarning: [13:02:49] WARNING: C:\actions-runner\_work\xgboost\xgboost\src\learner.cc:738: 
Parameters: { "use_label_encoder" } are not used.

  bst.update(dtrain, iteration=i, fobj=obj)
c:\Python311\Lib\site-packages\xgboost\training.py:183: UserWarning: [13:02:49] WARNING: C:\actions-runner\_work\xgboost\xgboost\src\learner.cc:738: 
Parameters: { "use_label_encoder" } are not used.

  bst.update(dtrain, iteration=i, fobj=obj)
[I 2025-08-08 13:02:50,293] Trial 330 finished with value: 0.5068149461492057 and parameters: {'n_estimators': 500, 'learning_rate': 0.005338794334498837, 'max_depth': 5, 'subsample': 0.7921390814633232, 'colsample_bytree': 0.9127399782501444}. Best is trial 62 with value: 0.5104157586862527.
c:\Python311\Lib\site-packages\xgboost\training.py:183: UserWarning: [13:02:50] WARNING: C:\actions-runner\_work\xgboost\xgboost\src\learner.cc:738: 
Parameters: { "use_label_encoder" } are not used.

  bst.update(dtrain, iteration=i, fobj=obj)
c:\Python311\Lib\site-packages\xgboost\training.py:183: UserWarning: [13:02:50] WARNING: C:\actions-runner\_work\xgboost\xgboost\src\learner.cc:738: 
Parameters: { "use_label_encoder" } are not used.

  bst.update(dtrain, iteration=i, fobj=obj)
c:\Python311\Lib\site-packages\xgboost\training.py:183: UserWarning: [13:02:51] WARNING: C:\actions-runner\_work\xgboost\xgboost\src\learner.cc:738: 
Parameters: { "use_label_encoder" } are not used.

  bst.update(dtrain, iteration=i, fobj=obj)
c:\Python311\Lib\site-packages\xgboost\training.py:183: UserWarning: [13:02:51] WARNING: C:\actions-runner\_work\xgboost\xgboost\src\learner.cc:738: 
Parameters: { "use_label_encoder" } are not used.

  bst.update(dtrain, iteration=i, fobj=obj)
c:\Python311\Lib\site-packages\xgboost\training.py:183: UserWarning: [13:02:51] WARNING: C:\actions-runner\_work\xgboost\xgboost\src\learner.cc:738: 
Parameters: { "use_label_encoder" } are not used.

  bst.update(dtrain, iteration=i, fobj=obj)
[I 2025-08-08 13:02:52,359] Trial 331 finished with value: 0.5104157586862527 and parameters: {'n_estimators': 400, 'learning_rate': 0.006100397203105211, 'max_depth': 5, 'subsample': 0.8660435001950516, 'colsample_bytree': 0.9334369267916367}. Best is trial 62 with value: 0.5104157586862527.
c:\Python311\Lib\site-packages\xgboost\training.py:183: UserWarning: [13:02:52] WARNING: C:\actions-runner\_work\xgboost\xgboost\src\learner.cc:738: 
Parameters: { "use_label_encoder" } are not used.

  bst.update(dtrain, iteration=i, fobj=obj)
c:\Python311\Lib\site-packages\xgboost\training.py:183: UserWarning: [13:02:52] WARNING: C:\actions-runner\_work\xgboost\xgboost\src\learner.cc:738: 
Parameters: { "use_label_encoder" } are not used.

  bst.update(dtrain, iteration=i, fobj=obj)
c:\Python311\Lib\site-packages\xgboost\training.py:183: UserWarning: [13:02:53] WARNING: C:\actions-runner\_work\xgboost\xgboost\src\learner.cc:738: 
Parameters: { "use_label_encoder" } are not used.

  bst.update(dtrain, iteration=i, fobj=obj)
c:\Python311\Lib\site-packages\xgboost\training.py:183: UserWarning: [13:02:53] WARNING: C:\actions-runner\_work\xgboost\xgboost\src\learner.cc:738: 
Parameters: { "use_label_encoder" } are not used.

  bst.update(dtrain, iteration=i, fobj=obj)
c:\Python311\Lib\site-packages\xgboost\training.py:183: UserWarning: [13:02:54] WARNING: C:\actions-runner\_work\xgboost\xgboost\src\learner.cc:738: 
Parameters: { "use_label_encoder" } are not used.

  bst.update(dtrain, iteration=i, fobj=obj)
[I 2025-08-08 13:02:54,443] Trial 332 finished with value: 0.5092201289191943 and parameters: {'n_estimators': 400, 'learning_rate': 0.005000243333821716, 'max_depth': 5, 'subsample': 0.85776694058975, 'colsample_bytree': 0.951199568289402}. Best is trial 62 with value: 0.5104157586862527.
c:\Python311\Lib\site-packages\xgboost\training.py:183: UserWarning: [13:02:54] WARNING: C:\actions-runner\_work\xgboost\xgboost\src\learner.cc:738: 
Parameters: { "use_label_encoder" } are not used.

  bst.update(dtrain, iteration=i, fobj=obj)
c:\Python311\Lib\site-packages\xgboost\training.py:183: UserWarning: [13:02:54] WARNING: C:\actions-runner\_work\xgboost\xgboost\src\learner.cc:738: 
Parameters: { "use_label_encoder" } are not used.

  bst.update(dtrain, iteration=i, fobj=obj)
c:\Python311\Lib\site-packages\xgboost\training.py:183: UserWarning: [13:02:55] WARNING: C:\actions-runner\_work\xgboost\xgboost\src\learner.cc:738: 
Parameters: { "use_label_encoder" } are not used.

  bst.update(dtrain, iteration=i, fobj=obj)
c:\Python311\Lib\site-packages\xgboost\training.py:183: UserWarning: [13:02:55] WARNING: C:\actions-runner\_work\xgboost\xgboost\src\learner.cc:738: 
Parameters: { "use_label_encoder" } are not used.

  bst.update(dtrain, iteration=i, fobj=obj)
c:\Python311\Lib\site-packages\xgboost\training.py:183: UserWarning: [13:02:56] WARNING: C:\actions-runner\_work\xgboost\xgboost\src\learner.cc:738: 
Parameters: { "use_label_encoder" } are not used.

  bst.update(dtrain, iteration=i, fobj=obj)
[I 2025-08-08 13:02:56,530] Trial 333 finished with value: 0.5092201289191943 and parameters: {'n_estimators': 400, 'learning_rate': 0.005622643383446476, 'max_depth': 5, 'subsample': 0.8707447056062814, 'colsample_bytree': 0.9214564060801762}. Best is trial 62 with value: 0.5104157586862527.
c:\Python311\Lib\site-packages\xgboost\training.py:183: UserWarning: [13:02:56] WARNING: C:\actions-runner\_work\xgboost\xgboost\src\learner.cc:738: 
Parameters: { "use_label_encoder" } are not used.

  bst.update(dtrain, iteration=i, fobj=obj)
c:\Python311\Lib\site-packages\xgboost\training.py:183: UserWarning: [13:02:56] WARNING: C:\actions-runner\_work\xgboost\xgboost\src\learner.cc:738: 
Parameters: { "use_label_encoder" } are not used.

  bst.update(dtrain, iteration=i, fobj=obj)
c:\Python311\Lib\site-packages\xgboost\training.py:183: UserWarning: [13:02:57] WARNING: C:\actions-runner\_work\xgboost\xgboost\src\learner.cc:738: 
Parameters: { "use_label_encoder" } are not used.

  bst.update(dtrain, iteration=i, fobj=obj)
c:\Python311\Lib\site-packages\xgboost\training.py:183: UserWarning: [13:02:57] WARNING: C:\actions-runner\_work\xgboost\xgboost\src\learner.cc:738: 
Parameters: { "use_label_encoder" } are not used.

  bst.update(dtrain, iteration=i, fobj=obj)
c:\Python311\Lib\site-packages\xgboost\training.py:183: UserWarning: [13:02:58] WARNING: C:\actions-runner\_work\xgboost\xgboost\src\learner.cc:738: 
Parameters: { "use_label_encoder" } are not used.

  bst.update(dtrain, iteration=i, fobj=obj)
[I 2025-08-08 13:02:58,598] Trial 334 finished with value: 0.5053706761335072 and parameters: {'n_estimators': 400, 'learning_rate': 0.006490571925756021, 'max_depth': 5, 'subsample': 0.8474270539124168, 'colsample_bytree': 0.9586315338075562}. Best is trial 62 with value: 0.5104157586862527.
c:\Python311\Lib\site-packages\xgboost\training.py:183: UserWarning: [13:02:58] WARNING: C:\actions-runner\_work\xgboost\xgboost\src\learner.cc:738: 
Parameters: { "use_label_encoder" } are not used.

  bst.update(dtrain, iteration=i, fobj=obj)
c:\Python311\Lib\site-packages\xgboost\training.py:183: UserWarning: [13:02:58] WARNING: C:\actions-runner\_work\xgboost\xgboost\src\learner.cc:738: 
Parameters: { "use_label_encoder" } are not used.

  bst.update(dtrain, iteration=i, fobj=obj)
c:\Python311\Lib\site-packages\xgboost\training.py:183: UserWarning: [13:02:59] WARNING: C:\actions-runner\_work\xgboost\xgboost\src\learner.cc:738: 
Parameters: { "use_label_encoder" } are not used.

  bst.update(dtrain, iteration=i, fobj=obj)
c:\Python311\Lib\site-packages\xgboost\training.py:183: UserWarning: [13:02:59] WARNING: C:\actions-runner\_work\xgboost\xgboost\src\learner.cc:738: 
Parameters: { "use_label_encoder" } are not used.

  bst.update(dtrain, iteration=i, fobj=obj)
c:\Python311\Lib\site-packages\xgboost\training.py:183: UserWarning: [13:02:59] WARNING: C:\actions-runner\_work\xgboost\xgboost\src\learner.cc:738: 
Parameters: { "use_label_encoder" } are not used.

  bst.update(dtrain, iteration=i, fobj=obj)
