[I 2025-08-08 13:01:01,343] Trial 279 finished with value: 0.5098149092094061 and parameters: {'n_estimators': 400, 'learning_rate': 0.00576367534245895, 'max_depth': 5, 'subsample': 0.8503318513681363, 'colsample_bytree': 0.9704372121324814}. Best is trial 62 with value: 0.5104157586862527.
c:\Python311\Lib\site-packages\xgboost\training.py:183: UserWarning: [13:01:01] WARNING: C:\actions-runner\_work\xgboost\xgboost\src\learner.cc:738: 
Parameters: { "use_label_encoder" } are not used.

  bst.update(dtrain, iteration=i, fobj=obj)
c:\Python311\Lib\site-packages\xgboost\training.py:183: UserWarning: [13:01:01] WARNING: C:\actions-runner\_work\xgboost\xgboost\src\learner.cc:738: 
Parameters: { "use_label_encoder" } are not used.

  bst.update(dtrain, iteration=i, fobj=obj)
c:\Python311\Lib\site-packages\xgboost\training.py:183: UserWarning: [13:01:02] WARNING: C:\actions-runner\_work\xgboost\xgboost\src\learner.cc:738: 
Parameters: { "use_label_encoder" } are not used.

  bst.update(dtrain, iteration=i, fobj=obj)
c:\Python311\Lib\site-packages\xgboost\training.py:183: UserWarning: [13:01:02] WARNING: C:\actions-runner\_work\xgboost\xgboost\src\learner.cc:738: 
Parameters: { "use_label_encoder" } are not used.

  bst.update(dtrain, iteration=i, fobj=obj)
c:\Python311\Lib\site-packages\xgboost\training.py:183: UserWarning: [13:01:03] WARNING: C:\actions-runner\_work\xgboost\xgboost\src\learner.cc:738: 
Parameters: { "use_label_encoder" } are not used.

  bst.update(dtrain, iteration=i, fobj=obj)
[I 2025-08-08 13:01:03,526] Trial 280 finished with value: 0.47320344762899885 and parameters: {'n_estimators': 400, 'learning_rate': 0.005363069222223476, 'max_depth': 5, 'subsample': 0.8694833181461421, 'colsample_bytree': 0.752450266658154}. Best is trial 62 with value: 0.5104157586862527.
c:\Python311\Lib\site-packages\xgboost\training.py:183: UserWarning: [13:01:03] WARNING: C:\actions-runner\_work\xgboost\xgboost\src\learner.cc:738: 
Parameters: { "use_label_encoder" } are not used.

  bst.update(dtrain, iteration=i, fobj=obj)
c:\Python311\Lib\site-packages\xgboost\training.py:183: UserWarning: [13:01:03] WARNING: C:\actions-runner\_work\xgboost\xgboost\src\learner.cc:738: 
Parameters: { "use_label_encoder" } are not used.

  bst.update(dtrain, iteration=i, fobj=obj)
c:\Python311\Lib\site-packages\xgboost\training.py:183: UserWarning: [13:01:04] WARNING: C:\actions-runner\_work\xgboost\xgboost\src\learner.cc:738: 
Parameters: { "use_label_encoder" } are not used.

  bst.update(dtrain, iteration=i, fobj=obj)
c:\Python311\Lib\site-packages\xgboost\training.py:183: UserWarning: [13:01:04] WARNING: C:\actions-runner\_work\xgboost\xgboost\src\learner.cc:738: 
Parameters: { "use_label_encoder" } are not used.

  bst.update(dtrain, iteration=i, fobj=obj)
c:\Python311\Lib\site-packages\xgboost\training.py:183: UserWarning: [13:01:05] WARNING: C:\actions-runner\_work\xgboost\xgboost\src\learner.cc:738: 
Parameters: { "use_label_encoder" } are not used.

  bst.update(dtrain, iteration=i, fobj=obj)
[I 2025-08-08 13:01:05,797] Trial 281 finished with value: 0.5088896080045868 and parameters: {'n_estimators': 400, 'learning_rate': 0.006026413644449311, 'max_depth': 5, 'subsample': 0.878203986736286, 'colsample_bytree': 0.9630941835121007}. Best is trial 62 with value: 0.5104157586862527.
c:\Python311\Lib\site-packages\xgboost\training.py:183: UserWarning: [13:01:05] WARNING: C:\actions-runner\_work\xgboost\xgboost\src\learner.cc:738: 
Parameters: { "use_label_encoder" } are not used.

  bst.update(dtrain, iteration=i, fobj=obj)
c:\Python311\Lib\site-packages\xgboost\training.py:183: UserWarning: [13:01:06] WARNING: C:\actions-runner\_work\xgboost\xgboost\src\learner.cc:738: 
Parameters: { "use_label_encoder" } are not used.

  bst.update(dtrain, iteration=i, fobj=obj)
c:\Python311\Lib\site-packages\xgboost\training.py:183: UserWarning: [13:01:06] WARNING: C:\actions-runner\_work\xgboost\xgboost\src\learner.cc:738: 
Parameters: { "use_label_encoder" } are not used.

  bst.update(dtrain, iteration=i, fobj=obj)
c:\Python311\Lib\site-packages\xgboost\training.py:183: UserWarning: [13:01:07] WARNING: C:\actions-runner\_work\xgboost\xgboost\src\learner.cc:738: 
Parameters: { "use_label_encoder" } are not used.

  bst.update(dtrain, iteration=i, fobj=obj)
c:\Python311\Lib\site-packages\xgboost\training.py:183: UserWarning: [13:01:07] WARNING: C:\actions-runner\_work\xgboost\xgboost\src\learner.cc:738: 
Parameters: { "use_label_encoder" } are not used.

  bst.update(dtrain, iteration=i, fobj=obj)
[I 2025-08-08 13:01:07,902] Trial 282 finished with value: 0.5071134241544251 and parameters: {'n_estimators': 400, 'learning_rate': 0.0065646994251018186, 'max_depth': 5, 'subsample': 0.8572777242403743, 'colsample_bytree': 0.908760600793571}. Best is trial 62 with value: 0.5104157586862527.
c:\Python311\Lib\site-packages\xgboost\training.py:183: UserWarning: [13:01:07] WARNING: C:\actions-runner\_work\xgboost\xgboost\src\learner.cc:738: 
Parameters: { "use_label_encoder" } are not used.

  bst.update(dtrain, iteration=i, fobj=obj)
c:\Python311\Lib\site-packages\xgboost\training.py:183: UserWarning: [13:01:08] WARNING: C:\actions-runner\_work\xgboost\xgboost\src\learner.cc:738: 
Parameters: { "use_label_encoder" } are not used.

  bst.update(dtrain, iteration=i, fobj=obj)
c:\Python311\Lib\site-packages\xgboost\training.py:183: UserWarning: [13:01:08] WARNING: C:\actions-runner\_work\xgboost\xgboost\src\learner.cc:738: 
Parameters: { "use_label_encoder" } are not used.

  bst.update(dtrain, iteration=i, fobj=obj)
c:\Python311\Lib\site-packages\xgboost\training.py:183: UserWarning: [13:01:08] WARNING: C:\actions-runner\_work\xgboost\xgboost\src\learner.cc:738: 
Parameters: { "use_label_encoder" } are not used.

  bst.update(dtrain, iteration=i, fobj=obj)
c:\Python311\Lib\site-packages\xgboost\training.py:183: UserWarning: [13:01:09] WARNING: C:\actions-runner\_work\xgboost\xgboost\src\learner.cc:738: 
Parameters: { "use_label_encoder" } are not used.

  bst.update(dtrain, iteration=i, fobj=obj)
[I 2025-08-08 13:01:09,569] Trial 283 finished with value: 0.4994070448070448 and parameters: {'n_estimators': 300, 'learning_rate': 0.0053378349996560555, 'max_depth': 5, 'subsample': 0.8661910053222864, 'colsample_bytree': 0.938789056857357}. Best is trial 62 with value: 0.5104157586862527.
c:\Python311\Lib\site-packages\xgboost\training.py:183: UserWarning: [13:01:09] WARNING: C:\actions-runner\_work\xgboost\xgboost\src\learner.cc:738: 
Parameters: { "use_label_encoder" } are not used.

  bst.update(dtrain, iteration=i, fobj=obj)
c:\Python311\Lib\site-packages\xgboost\training.py:183: UserWarning: [13:01:09] WARNING: C:\actions-runner\_work\xgboost\xgboost\src\learner.cc:738: 
Parameters: { "use_label_encoder" } are not used.

  bst.update(dtrain, iteration=i, fobj=obj)
c:\Python311\Lib\site-packages\xgboost\training.py:183: UserWarning: [13:01:10] WARNING: C:\actions-runner\_work\xgboost\xgboost\src\learner.cc:738: 
Parameters: { "use_label_encoder" } are not used.

  bst.update(dtrain, iteration=i, fobj=obj)
c:\Python311\Lib\site-packages\xgboost\training.py:183: UserWarning: [13:01:10] WARNING: C:\actions-runner\_work\xgboost\xgboost\src\learner.cc:738: 
Parameters: { "use_label_encoder" } are not used.

  bst.update(dtrain, iteration=i, fobj=obj)
c:\Python311\Lib\site-packages\xgboost\training.py:183: UserWarning: [13:01:11] WARNING: C:\actions-runner\_work\xgboost\xgboost\src\learner.cc:738: 
Parameters: { "use_label_encoder" } are not used.

  bst.update(dtrain, iteration=i, fobj=obj)
[I 2025-08-08 13:01:11,750] Trial 284 finished with value: 0.5082948277143752 and parameters: {'n_estimators': 400, 'learning_rate': 0.005693634724996614, 'max_depth': 5, 'subsample': 0.884645382668416, 'colsample_bytree': 0.9468668881105371}. Best is trial 62 with value: 0.5104157586862527.
c:\Python311\Lib\site-packages\xgboost\training.py:183: UserWarning: [13:01:11] WARNING: C:\actions-runner\_work\xgboost\xgboost\src\learner.cc:738: 
Parameters: { "use_label_encoder" } are not used.

  bst.update(dtrain, iteration=i, fobj=obj)
c:\Python311\Lib\site-packages\xgboost\training.py:183: UserWarning: [13:01:12] WARNING: C:\actions-runner\_work\xgboost\xgboost\src\learner.cc:738: 
Parameters: { "use_label_encoder" } are not used.

  bst.update(dtrain, iteration=i, fobj=obj)
c:\Python311\Lib\site-packages\xgboost\training.py:183: UserWarning: [13:01:12] WARNING: C:\actions-runner\_work\xgboost\xgboost\src\learner.cc:738: 
Parameters: { "use_label_encoder" } are not used.

  bst.update(dtrain, iteration=i, fobj=obj)
c:\Python311\Lib\site-packages\xgboost\training.py:183: UserWarning: [13:01:12] WARNING: C:\actions-runner\_work\xgboost\xgboost\src\learner.cc:738: 
Parameters: { "use_label_encoder" } are not used.

  bst.update(dtrain, iteration=i, fobj=obj)
c:\Python311\Lib\site-packages\xgboost\training.py:183: UserWarning: [13:01:13] WARNING: C:\actions-runner\_work\xgboost\xgboost\src\learner.cc:738: 
Parameters: { "use_label_encoder" } are not used.

  bst.update(dtrain, iteration=i, fobj=obj)
[I 2025-08-08 13:01:13,687] Trial 285 finished with value: 0.4613417787526129 and parameters: {'n_estimators': 400, 'learning_rate': 0.0303337985560894, 'max_depth': 5, 'subsample': 0.8396108296859047, 'colsample_bytree': 0.9322500650468236}. Best is trial 62 with value: 0.5104157586862527.
c:\Python311\Lib\site-packages\xgboost\training.py:183: UserWarning: [13:01:13] WARNING: C:\actions-runner\_work\xgboost\xgboost\src\learner.cc:738: 
Parameters: { "use_label_encoder" } are not used.

  bst.update(dtrain, iteration=i, fobj=obj)
c:\Python311\Lib\site-packages\xgboost\training.py:183: UserWarning: [13:01:14] WARNING: C:\actions-runner\_work\xgboost\xgboost\src\learner.cc:738: 
Parameters: { "use_label_encoder" } are not used.

  bst.update(dtrain, iteration=i, fobj=obj)
c:\Python311\Lib\site-packages\xgboost\training.py:183: UserWarning: [13:01:14] WARNING: C:\actions-runner\_work\xgboost\xgboost\src\learner.cc:738: 
Parameters: { "use_label_encoder" } are not used.

  bst.update(dtrain, iteration=i, fobj=obj)
c:\Python311\Lib\site-packages\xgboost\training.py:183: UserWarning: [13:01:14] WARNING: C:\actions-runner\_work\xgboost\xgboost\src\learner.cc:738: 
Parameters: { "use_label_encoder" } are not used.

  bst.update(dtrain, iteration=i, fobj=obj)
c:\Python311\Lib\site-packages\xgboost\training.py:183: UserWarning: [13:01:15] WARNING: C:\actions-runner\_work\xgboost\xgboost\src\learner.cc:738: 
Parameters: { "use_label_encoder" } are not used.

  bst.update(dtrain, iteration=i, fobj=obj)
[I 2025-08-08 13:01:15,483] Trial 286 finished with value: 0.5094108000085666 and parameters: {'n_estimators': 400, 'learning_rate': 0.006156500270585134, 'max_depth': 4, 'subsample': 0.85177749895862, 'colsample_bytree': 0.9579963667418026}. Best is trial 62 with value: 0.5104157586862527.
c:\Python311\Lib\site-packages\xgboost\training.py:183: UserWarning: [13:01:15] WARNING: C:\actions-runner\_work\xgboost\xgboost\src\learner.cc:738: 
Parameters: { "use_label_encoder" } are not used.

  bst.update(dtrain, iteration=i, fobj=obj)
c:\Python311\Lib\site-packages\xgboost\training.py:183: UserWarning: [13:01:15] WARNING: C:\actions-runner\_work\xgboost\xgboost\src\learner.cc:738: 
Parameters: { "use_label_encoder" } are not used.

  bst.update(dtrain, iteration=i, fobj=obj)
c:\Python311\Lib\site-packages\xgboost\training.py:183: UserWarning: [13:01:16] WARNING: C:\actions-runner\_work\xgboost\xgboost\src\learner.cc:738: 
Parameters: { "use_label_encoder" } are not used.

  bst.update(dtrain, iteration=i, fobj=obj)
c:\Python311\Lib\site-packages\xgboost\training.py:183: UserWarning: [13:01:16] WARNING: C:\actions-runner\_work\xgboost\xgboost\src\learner.cc:738: 
Parameters: { "use_label_encoder" } are not used.

  bst.update(dtrain, iteration=i, fobj=obj)
c:\Python311\Lib\site-packages\xgboost\training.py:183: UserWarning: [13:01:17] WARNING: C:\actions-runner\_work\xgboost\xgboost\src\learner.cc:738: 
Parameters: { "use_label_encoder" } are not used.

  bst.update(dtrain, iteration=i, fobj=obj)
[I 2025-08-08 13:01:18,072] Trial 287 finished with value: 0.5085576941701236 and parameters: {'n_estimators': 500, 'learning_rate': 0.005007365326706452, 'max_depth': 5, 'subsample': 0.8730458538897277, 'colsample_bytree': 0.9789058031613177}. Best is trial 62 with value: 0.5104157586862527.
c:\Python311\Lib\site-packages\xgboost\training.py:183: UserWarning: [13:01:18] WARNING: C:\actions-runner\_work\xgboost\xgboost\src\learner.cc:738: 
Parameters: { "use_label_encoder" } are not used.

  bst.update(dtrain, iteration=i, fobj=obj)
c:\Python311\Lib\site-packages\xgboost\training.py:183: UserWarning: [13:01:18] WARNING: C:\actions-runner\_work\xgboost\xgboost\src\learner.cc:738: 
Parameters: { "use_label_encoder" } are not used.

  bst.update(dtrain, iteration=i, fobj=obj)
c:\Python311\Lib\site-packages\xgboost\training.py:183: UserWarning: [13:01:18] WARNING: C:\actions-runner\_work\xgboost\xgboost\src\learner.cc:738: 
Parameters: { "use_label_encoder" } are not used.

  bst.update(dtrain, iteration=i, fobj=obj)
c:\Python311\Lib\site-packages\xgboost\training.py:183: UserWarning: [13:01:19] WARNING: C:\actions-runner\_work\xgboost\xgboost\src\learner.cc:738: 
Parameters: { "use_label_encoder" } are not used.

  bst.update(dtrain, iteration=i, fobj=obj)
c:\Python311\Lib\site-packages\xgboost\training.py:183: UserWarning: [13:01:19] WARNING: C:\actions-runner\_work\xgboost\xgboost\src\learner.cc:738: 
Parameters: { "use_label_encoder" } are not used.

  bst.update(dtrain, iteration=i, fobj=obj)
[I 2025-08-08 13:01:20,201] Trial 288 finished with value: 0.5104157586862527 and parameters: {'n_estimators': 400, 'learning_rate': 0.005381571233406533, 'max_depth': 5, 'subsample': 0.8630926867881255, 'colsample_bytree': 0.9233560804064931}. Best is trial 62 with value: 0.5104157586862527.
c:\Python311\Lib\site-packages\xgboost\training.py:183: UserWarning: [13:01:20] WARNING: C:\actions-runner\_work\xgboost\xgboost\src\learner.cc:738: 
Parameters: { "use_label_encoder" } are not used.

  bst.update(dtrain, iteration=i, fobj=obj)
c:\Python311\Lib\site-packages\xgboost\training.py:183: UserWarning: [13:01:20] WARNING: C:\actions-runner\_work\xgboost\xgboost\src\learner.cc:738: 
Parameters: { "use_label_encoder" } are not used.

  bst.update(dtrain, iteration=i, fobj=obj)
c:\Python311\Lib\site-packages\xgboost\training.py:183: UserWarning: [13:01:20] WARNING: C:\actions-runner\_work\xgboost\xgboost\src\learner.cc:738: 
Parameters: { "use_label_encoder" } are not used.

  bst.update(dtrain, iteration=i, fobj=obj)
c:\Python311\Lib\site-packages\xgboost\training.py:183: UserWarning: [13:01:21] WARNING: C:\actions-runner\_work\xgboost\xgboost\src\learner.cc:738: 
Parameters: { "use_label_encoder" } are not used.

  bst.update(dtrain, iteration=i, fobj=obj)
c:\Python311\Lib\site-packages\xgboost\training.py:183: UserWarning: [13:01:21] WARNING: C:\actions-runner\_work\xgboost\xgboost\src\learner.cc:738: 
Parameters: { "use_label_encoder" } are not used.

  bst.update(dtrain, iteration=i, fobj=obj)
[I 2025-08-08 13:01:22,055] Trial 289 finished with value: 0.46715934832340233 and parameters: {'n_estimators': 400, 'learning_rate': 0.04507195581343894, 'max_depth': 5, 'subsample': 0.8435568390895406, 'colsample_bytree': 0.9385248495279702}. Best is trial 62 with value: 0.5104157586862527.
c:\Python311\Lib\site-packages\xgboost\training.py:183: UserWarning: [13:01:22] WARNING: C:\actions-runner\_work\xgboost\xgboost\src\learner.cc:738: 
Parameters: { "use_label_encoder" } are not used.

  bst.update(dtrain, iteration=i, fobj=obj)
c:\Python311\Lib\site-packages\xgboost\training.py:183: UserWarning: [13:01:22] WARNING: C:\actions-runner\_work\xgboost\xgboost\src\learner.cc:738: 
Parameters: { "use_label_encoder" } are not used.

  bst.update(dtrain, iteration=i, fobj=obj)
c:\Python311\Lib\site-packages\xgboost\training.py:183: UserWarning: [13:01:22] WARNING: C:\actions-runner\_work\xgboost\xgboost\src\learner.cc:738: 
Parameters: { "use_label_encoder" } are not used.

  bst.update(dtrain, iteration=i, fobj=obj)
c:\Python311\Lib\site-packages\xgboost\training.py:183: UserWarning: [13:01:23] WARNING: C:\actions-runner\_work\xgboost\xgboost\src\learner.cc:738: 
Parameters: { "use_label_encoder" } are not used.

  bst.update(dtrain, iteration=i, fobj=obj)
c:\Python311\Lib\site-packages\xgboost\training.py:183: UserWarning: [13:01:23] WARNING: C:\actions-runner\_work\xgboost\xgboost\src\learner.cc:738: 
Parameters: { "use_label_encoder" } are not used.

  bst.update(dtrain, iteration=i, fobj=obj)
[I 2025-08-08 13:01:24,161] Trial 290 finished with value: 0.5088896080045868 and parameters: {'n_estimators': 400, 'learning_rate': 0.005862882144564772, 'max_depth': 5, 'subsample': 0.8950617363652138, 'colsample_bytree': 0.9518511035892506}. Best is trial 62 with value: 0.5104157586862527.
c:\Python311\Lib\site-packages\xgboost\training.py:183: UserWarning: [13:01:24] WARNING: C:\actions-runner\_work\xgboost\xgboost\src\learner.cc:738: 
Parameters: { "use_label_encoder" } are not used.

  bst.update(dtrain, iteration=i, fobj=obj)
c:\Python311\Lib\site-packages\xgboost\training.py:183: UserWarning: [13:01:24] WARNING: C:\actions-runner\_work\xgboost\xgboost\src\learner.cc:738: 
Parameters: { "use_label_encoder" } are not used.

  bst.update(dtrain, iteration=i, fobj=obj)
c:\Python311\Lib\site-packages\xgboost\training.py:183: UserWarning: [13:01:24] WARNING: C:\actions-runner\_work\xgboost\xgboost\src\learner.cc:738: 
Parameters: { "use_label_encoder" } are not used.

  bst.update(dtrain, iteration=i, fobj=obj)
c:\Python311\Lib\site-packages\xgboost\training.py:183: UserWarning: [13:01:25] WARNING: C:\actions-runner\_work\xgboost\xgboost\src\learner.cc:738: 
Parameters: { "use_label_encoder" } are not used.

  bst.update(dtrain, iteration=i, fobj=obj)
c:\Python311\Lib\site-packages\xgboost\training.py:183: UserWarning: [13:01:25] WARNING: C:\actions-runner\_work\xgboost\xgboost\src\learner.cc:738: 
Parameters: { "use_label_encoder" } are not used.

  bst.update(dtrain, iteration=i, fobj=obj)
[I 2025-08-08 13:01:26,230] Trial 291 finished with value: 0.5080461874657349 and parameters: {'n_estimators': 400, 'learning_rate': 0.006426509869328064, 'max_depth': 5, 'subsample': 0.8577848313768589, 'colsample_bytree': 0.9172605958204196}. Best is trial 62 with value: 0.5104157586862527.
c:\Python311\Lib\site-packages\xgboost\training.py:183: UserWarning: [13:01:26] WARNING: C:\actions-runner\_work\xgboost\xgboost\src\learner.cc:738: 
Parameters: { "use_label_encoder" } are not used.

  bst.update(dtrain, iteration=i, fobj=obj)
c:\Python311\Lib\site-packages\xgboost\training.py:183: UserWarning: [13:01:26] WARNING: C:\actions-runner\_work\xgboost\xgboost\src\learner.cc:738: 
Parameters: { "use_label_encoder" } are not used.

  bst.update(dtrain, iteration=i, fobj=obj)
c:\Python311\Lib\site-packages\xgboost\training.py:183: UserWarning: [13:01:27] WARNING: C:\actions-runner\_work\xgboost\xgboost\src\learner.cc:738: 
Parameters: { "use_label_encoder" } are not used.

  bst.update(dtrain, iteration=i, fobj=obj)
c:\Python311\Lib\site-packages\xgboost\training.py:183: UserWarning: [13:01:27] WARNING: C:\actions-runner\_work\xgboost\xgboost\src\learner.cc:738: 
Parameters: { "use_label_encoder" } are not used.

  bst.update(dtrain, iteration=i, fobj=obj)
c:\Python311\Lib\site-packages\xgboost\training.py:183: UserWarning: [13:01:27] WARNING: C:\actions-runner\_work\xgboost\xgboost\src\learner.cc:738: 
Parameters: { "use_label_encoder" } are not used.

  bst.update(dtrain, iteration=i, fobj=obj)
[I 2025-08-08 13:01:28,319] Trial 292 finished with value: 0.5092201289191943 and parameters: {'n_estimators': 400, 'learning_rate': 0.005544144494990566, 'max_depth': 5, 'subsample': 0.8700745496461458, 'colsample_bytree': 0.9452525314011363}. Best is trial 62 with value: 0.5104157586862527.
c:\Python311\Lib\site-packages\xgboost\training.py:183: UserWarning: [13:01:28] WARNING: C:\actions-runner\_work\xgboost\xgboost\src\learner.cc:738: 
Parameters: { "use_label_encoder" } are not used.

  bst.update(dtrain, iteration=i, fobj=obj)
c:\Python311\Lib\site-packages\xgboost\training.py:183: UserWarning: [13:01:28] WARNING: C:\actions-runner\_work\xgboost\xgboost\src\learner.cc:738: 
Parameters: { "use_label_encoder" } are not used.

  bst.update(dtrain, iteration=i, fobj=obj)
c:\Python311\Lib\site-packages\xgboost\training.py:183: UserWarning: [13:01:29] WARNING: C:\actions-runner\_work\xgboost\xgboost\src\learner.cc:738: 
Parameters: { "use_label_encoder" } are not used.

  bst.update(dtrain, iteration=i, fobj=obj)
c:\Python311\Lib\site-packages\xgboost\training.py:183: UserWarning: [13:01:29] WARNING: C:\actions-runner\_work\xgboost\xgboost\src\learner.cc:738: 
Parameters: { "use_label_encoder" } are not used.

  bst.update(dtrain, iteration=i, fobj=obj)
c:\Python311\Lib\site-packages\xgboost\training.py:183: UserWarning: [13:01:29] WARNING: C:\actions-runner\_work\xgboost\xgboost\src\learner.cc:738: 
Parameters: { "use_label_encoder" } are not used.

  bst.update(dtrain, iteration=i, fobj=obj)
